MPASM  5.43                            CO.ASM   7-6-2025  19:46:22         PAGE  1


LOC  OBJECT CODE     LINE SOURCE TEXT
  VALUE

                      00001 ; - - - - - - - - - - - - - - - - - - - - - - - - - - DEBUGGED CODE - - - - - - - - - - - - - - - - - - 
                            - - - - - - - - - - - - - - - - - - 
                      00002         PROCESSOR 16F877A
2007   3731           00003         __CONFIG 0x3731              ; 4MHz XT oscillator, standard settings
                      00004         INCLUDE "P16F877A.INC"
                      00001         LIST
                      00002 ; P16F877A.INC  Standard Header File, Version 1.00    Microchip Technology, Inc.
                      00398         LIST
                      00005         
0000                  00006         ORG 0x00
0000   29E5           00007         GOTO SETUP
0004                  00008         ORG 0x04
0004   2A02           00009         GOTO HANDLE_INT
                      00010         
                      00011         ; - - - - - - - - - - - - - - - - - - - - - - - - - - REGISTER DEFINITIONS - - - - - - - - - - -
                             - - - - - - - - - - - - - - - - - - - - 
                      00012         ; Variable Definitions
  00000020            00013 VAL1_DIG0 EQU 0x20           ; Most significant integer digit
  00000021            00014 VAL1_DIG1 EQU 0x21
  00000022            00015 VAL1_DIG2 EQU 0x22
  00000023            00016 VAL1_DIG3 EQU 0x23
  00000024            00017 VAL1_DIG4 EQU 0x24
  00000025            00018 VAL1_DIG5 EQU 0x25
  00000026            00019 VAL1_DIG6 EQU 0x26           ; Most significant decimal digit
  00000027            00020 VAL1_DIG7 EQU 0x27
  00000028            00021 VAL1_DIG8 EQU 0x28
  00000029            00022 VAL1_DIG9 EQU 0x29
  0000002A            00023 VAL1_DIG10 EQU 0x2A
  0000002B            00024 VAL1_DIG11 EQU 0x2B          ; Least significant decimal digit
                      00025         
  0000002C            00026 VAL2_DIG0 EQU 0x2C           ; Unused, defines boundary for VAL1
  0000002D            00027 VAL2_DIG1 EQU 0x2D
  0000002E            00028 VAL2_DIG2 EQU 0x2E
  0000002F            00029 VAL2_DIG3 EQU 0x2F
  00000030            00030 VAL2_DIG4 EQU 0x30
  00000031            00031 VAL2_DIG5 EQU 0x31
  00000032            00032 VAL2_DIG6 EQU 0x32
  00000033            00033 VAL2_DIG7 EQU 0x33
  00000034            00034 VAL2_DIG8 EQU 0x34
  00000035            00035 VAL2_DIG9 EQU 0x35
  00000036            00036 VAL2_DIG10 EQU 0x36
  00000037            00037 VAL2_DIG11 EQU 0x37
  00000038            00038 VAL2_DIG12 EQU 0x38
                      00039         
  00000039            00040 OPERAND2 EQU 0x39            ; Second operand base address
  0000003A            00041 COMP_LOOP EQU 0x3A           ; Comparison loop counter
  0000003B            00042 COMP_DIG2 EQU 0x3B           ; Temp storage for second digit
  0000003C            00043 COMP_DIG1 EQU 0x3C           ; Temp storage for first digit
  0000003D            00044 COMP_IDX EQU 0x3D            ; Comparison loop index
  0000003E            00045 COMP_CNT EQU 0x3E            ; Number of digits to compare
                      00046         
  0000003F            00047 DIV_CNT EQU 0x3F
  00000040            00048 OPERAND1 EQU 0x40            ; Error code for invalid input
MPASM  5.43                            CO.ASM   7-6-2025  19:46:22         PAGE  2


LOC  OBJECT CODE     LINE SOURCE TEXT
  VALUE

  00000041            00049 TEMP_STOR EQU 0x41
  00000042            00050 WORK_BYTE EQU 0x42
  00000043            00051 BIT_CNT EQU 0x43
  00000044            00052 TEMP_STOR2 EQU 0x44
  00000045            00053 DIG_CNT EQU 0x45
  00000046            00054 AUX_REG EQU 0x46
  00000047            00055 CNT_REG EQU 0x47
  00000048            00056 TEMP3_REG EQU 0x48
  00000049            00057 BIN_INPUT EQU 0x49           ; Binary input from PORTC
  0000004A            00058 DEC_OUTPUT EQU 0x4A          ; Decimal output
  0000004B            00059 TEMP_VAL EQU 0x4B            ; Temp storage for comparison
  0000004C            00060 INT_CNT EQU 0x4C             ; Interrupt counter
  0000004D            00061 BORROW_FLAG EQU 0x4D         ; Borrow flag for BCD subtraction
                      00062         
  0000004E            00063 OUT_DIG0 EQU 0x4E            ; Result digit 0
  0000004F            00064 OUT_DIG1 EQU 0x4F
  00000050            00065 OUT_DIG2 EQU 0x50
  00000051            00066 OUT_DIG3 EQU 0x51
  00000052            00067 OUT_DIG4 EQU 0x52
  00000053            00068 OUT_DIG5 EQU 0x53
  00000054            00069 OUT_DIG6 EQU 0x54
  00000055            00070 OUT_DIG7 EQU 0x55
  00000056            00071 OUT_DIG8 EQU 0x56
  00000057            00072 OUT_DIG9 EQU 0x57
  00000058            00073 OUT_DIG10 EQU 0x58
  00000059            00074 OUT_DIG11 EQU 0x59
                      00075         
  0000005A            00076 REM_DIG0 EQU 0x5A            ; Remainder digits
  0000005B            00077 REM_DIG1 EQU 0x5B
  0000005C            00078 REM_DIG2 EQU 0x5C
  0000005D            00079 REM_DIG3 EQU 0x5D
  0000005E            00080 REM_DIG4 EQU 0x5E
  0000005F            00081 REM_DIG5 EQU 0x5F
  00000060            00082 REM_DIG6 EQU 0x60
  00000061            00083 REM_DIG7 EQU 0x61
  00000062            00084 REM_DIG8 EQU 0x62
  00000063            00085 REM_DIG9 EQU 0x63
  00000064            00086 REM_DIG10 EQU 0x64
  00000065            00087 REM_DIG11 EQU 0x65
  00000066            00088 REM_DIG12 EQU 0x66
                      00089         
  00000067            00090 DATA_PTR EQU 0x67
                      00091         
                      00092         ; - - - - - - - - - - - - - - - - - - - - - - - - - - BINARY TO DECIMAL CONVERSION - - - - - - -
                             - - - - - - - - - - - - - - - - - 
0005                  00093 CONV_BIN_DEC:
0005   390F           00094         ANDLW 0x0F                   ; Mask lower 4 bits
0006   00CB           00095         MOVWF TEMP_VAL               ; Save input
0007   3C09           00096         SUBLW 0x09                   ; Check if input <= 9
0008   1C03           00097         BTFSS STATUS, C              ; Skip if input <= 9
0009   2816           00098         GOTO INVALID_BCD
000A   084B           00099         MOVF TEMP_VAL, W             ; Restore valid input
000B   0782           00100         ADDWF PCL, F                 ; Jump to lookup table
MPASM  5.43                            CO.ASM   7-6-2025  19:46:22         PAGE  3


LOC  OBJECT CODE     LINE SOURCE TEXT
  VALUE

000C   3400           00101         RETLW 0                      ; 0000 -> 0
000D   3401           00102         RETLW 1                      ; 0001 -> 1
000E   3402           00103         RETLW 2                      ; 0010 -> 2
000F   3403           00104         RETLW 3                      ; 0011 -> 3
0010   3404           00105         RETLW 4                      ; 0100 -> 4
0011   3405           00106         RETLW 5                      ; 0101 -> 5
0012   3406           00107         RETLW 6                      ; 0110 -> 6
0013   3407           00108         RETLW 7                      ; 0111 -> 7
0014   3408           00109         RETLW 8                      ; 1000 -> 8
0015   3409           00110         RETLW 9                      ; 1001 -> 9
0016                  00111 INVALID_BCD:
0016   34FF           00112         RETLW 0xFF                   ; Invalid BCD input
                      00113         
                      00114         ; - - - - - - - - - - - - - - - - - - - - - - - - - - SHORT DELAY - - - - - - - - - - - - - - - 
                            - - - - - - - - - - - - - - - - 
0017                  00115 BRIEF_PAUSE:
0017   0000           00116         NOP
0018   0000           00117         NOP
0019   0008           00118         RETURN
                      00119         
                      00120         ; - - - - - - - - - - - - - - - - - - - - - - - - - - BCD COMPARISON - - - - - - - - - - - - - -
                             - - - - - - - - - - - - - - 
001A                  00121 CMP_BCD:
001A   305A           00122         MOVLW 0x5A                   ; VAL1 base address
001B   00C0           00123         MOVWF OPERAND1
001C   302C           00124         MOVLW 0x2C                   ; VAL2 base address
001D   00B9           00125         MOVWF OPERAND2
001E   300D           00126         MOVLW 0x0D                   ; 12 digits to compare
001F   00BE           00127         MOVWF COMP_CNT
0020   01BD           00128         CLRF COMP_IDX
0021   1003           00129         BCF STATUS, C
0022   1103           00130         BCF STATUS, Z
0023   01CB           00131         CLRF TEMP_VAL
                      00132         
0024                  00133 CMP_CYCLE:
0024   083D           00134         MOVF COMP_IDX, W
0025   0740           00135         ADDWF OPERAND1, W
0026   0084           00136         MOVWF FSR
0027   0800           00137         MOVF INDF, W
0028   00BC           00138         MOVWF COMP_DIG1
                      00139         
0029   083D           00140         MOVF COMP_IDX, W
002A   0739           00141         ADDWF OPERAND2, W
002B   0084           00142         MOVWF FSR
002C   0800           00143         MOVF INDF, W
002D   00BB           00144         MOVWF COMP_DIG2
                      00145         
002E   083B           00146         MOVF COMP_DIG2, W
002F   023C           00147         SUBWF COMP_DIG1, W
0030   1D03           00148         BTFSS STATUS, Z
0031   283B           00149         GOTO CMP_FINISH
                      00150         
0032   0ABD           00151         INCF COMP_IDX, F
MPASM  5.43                            CO.ASM   7-6-2025  19:46:22         PAGE  4


LOC  OBJECT CODE     LINE SOURCE TEXT
  VALUE

0033   03BE           00152         DECF COMP_CNT, F
0034   1D03           00153         BTFSS STATUS, Z
0035   2824           00154         GOTO CMP_CYCLE
                      00155         
0036   1503           00156         BSF STATUS, Z
0037   303D           00157         MOVLW 0x3D                   ; ASCII '='
0038   00CB           00158         MOVWF TEMP_VAL
0039   1403           00159         BSF STATUS, C
003A   0008           00160         RETURN
                      00161         
003B                  00162 CMP_FINISH:
003B   1103           00163         BCF STATUS, Z
003C   1C03           00164         BTFSS STATUS, C
003D   2842           00165         GOTO VAL1_SMALLER
003E   303E           00166         MOVLW 0x3E                   ; ASCII '>'
003F   00CB           00167         MOVWF TEMP_VAL
0040   1403           00168         BSF STATUS, C
0041   0008           00169         RETURN
                      00170         
0042                  00171 VAL1_SMALLER:
0042   303C           00172         MOVLW 0x3C                   ; ASCII '<'
0043   00CB           00173         MOVWF TEMP_VAL
0044   1003           00174         BCF STATUS, C
0045   0008           00175         RETURN
                      00176         
                      00177         ; - - - - - - - - - - - - - - - - - - - - - - - - - - BCD SUBTRACTION - - - - - - - - - - - - - 
                            - - - - - - - - - - - - - - - 
0046                  00178 SUB_BCD:
0046   305A           00179         MOVLW 0x5A                   ; VAL1 base address
0047   00C0           00180         MOVWF OPERAND1
0048   302C           00181         MOVLW 0x2C                   ; VAL2 base address
0049   00B9           00182         MOVWF OPERAND2
004A   01CD           00183         CLRF BORROW_FLAG
004B   300D           00184         MOVLW 0x0D                   ; 12 digits
004C   00CC           00185         MOVWF INT_CNT
004D   01BD           00186         CLRF COMP_IDX
                      00187         
004E                  00188 SUB_BCD_CYCLE:
004E   084C           00189         MOVF INT_CNT, W
004F   00BD           00190         MOVWF COMP_IDX
0050   03BD           00191         DECF COMP_IDX, F
0051   083D           00192         MOVF COMP_IDX, W
0052   0740           00193         ADDWF OPERAND1, W
0053   0084           00194         MOVWF FSR
0054   0800           00195         MOVF INDF, W
0055   00BC           00196         MOVWF COMP_DIG1
                      00197         
0056   083D           00198         MOVF COMP_IDX, W
0057   0739           00199         ADDWF OPERAND2, W
0058   0084           00200         MOVWF FSR
0059   0800           00201         MOVF INDF, W
005A   00BB           00202         MOVWF COMP_DIG2
                      00203         
MPASM  5.43                            CO.ASM   7-6-2025  19:46:22         PAGE  5


LOC  OBJECT CODE     LINE SOURCE TEXT
  VALUE

005B   084D           00204         MOVF BORROW_FLAG, W
005C   073B           00205         ADDWF COMP_DIG2, W
005D   00BB           00206         MOVWF COMP_DIG2
                      00207         
005E   083B           00208         MOVF COMP_DIG2, W
005F   023C           00209         SUBWF COMP_DIG1, W
0060   1C03           00210         BTFSS STATUS, C
0061   2865           00211         GOTO SET_BORROW
                      00212         
0062   00CB           00213         MOVWF TEMP_VAL
0063   01CD           00214         CLRF BORROW_FLAG
0064   2869           00215         GOTO SAVE_SUB_RESULT
                      00216         
0065                  00217 SET_BORROW:
0065   3E0A           00218         ADDLW 0x0A
0066   00CB           00219         MOVWF TEMP_VAL
0067   3001           00220         MOVLW 1
0068   00CD           00221         MOVWF BORROW_FLAG
                      00222         
0069                  00223 SAVE_SUB_RESULT:
0069   083D           00224         MOVF COMP_IDX, W
006A   0740           00225         ADDWF OPERAND1, W
006B   0084           00226         MOVWF FSR
006C   084B           00227         MOVF TEMP_VAL, W
006D   0080           00228         MOVWF INDF
                      00229         
006E   0ABD           00230         INCF COMP_IDX, F
006F   03CC           00231         DECF INT_CNT, F
0070   1D03           00232         BTFSS STATUS, Z
0071   284E           00233         GOTO SUB_BCD_CYCLE
0072   0008           00234         RETURN
                      00235         
                      00236         ; - - - - - - - - - - - - - - - - - - - - - - - - - - SHIFT REMAINDER LEFT WITH ZERO - - - - - -
                             - - - - - - - - - - - - - - - - 
0073                  00237 SHIFT_REM_ZERO:
0073   085B           00238         MOVF REM_DIG1, W
0074   00DA           00239         MOVWF REM_DIG0
0075   085C           00240         MOVF REM_DIG2, W
0076   00DB           00241         MOVWF REM_DIG1
0077   085D           00242         MOVF REM_DIG3, W
0078   00DC           00243         MOVWF REM_DIG2
0079   085E           00244         MOVF REM_DIG4, W
007A   00DD           00245         MOVWF REM_DIG3
007B   085F           00246         MOVF REM_DIG5, W
007C   00DE           00247         MOVWF REM_DIG4
007D   0860           00248         MOVF REM_DIG6, W
007E   00DF           00249         MOVWF REM_DIG5
007F   0861           00250         MOVF REM_DIG7, W
0080   00E0           00251         MOVWF REM_DIG6
0081   0862           00252         MOVF REM_DIG8, W
0082   00E1           00253         MOVWF REM_DIG7
0083   0863           00254         MOVF REM_DIG9, W
0084   00E2           00255         MOVWF REM_DIG8
MPASM  5.43                            CO.ASM   7-6-2025  19:46:22         PAGE  6


LOC  OBJECT CODE     LINE SOURCE TEXT
  VALUE

0085   0864           00256         MOVF REM_DIG10, W
0086   00E3           00257         MOVWF REM_DIG9
0087   0865           00258         MOVF REM_DIG11, W
0088   00E4           00259         MOVWF REM_DIG10
0089   0866           00260         MOVF REM_DIG12, W
008A   00E5           00261         MOVWF REM_DIG11
008B   01E6           00262         CLRF REM_DIG12
008C   0008           00263         RETURN
                      00264         
                      00265         ; - - - - - - - - - - - - - - - - - - - - - - - - - - SHIFT REMAINDER LEFT - - - - - - - - - - -
                             - - - - - - - - - - - - - - - 
008D                  00266 SHIFT_REM:
008D   085B           00267         MOVF REM_DIG1, W
008E   00DA           00268         MOVWF REM_DIG0
008F   085C           00269         MOVF REM_DIG2, W
0090   00DB           00270         MOVWF REM_DIG1
0091   085D           00271         MOVF REM_DIG3, W
0092   00DC           00272         MOVWF REM_DIG2
0093   085E           00273         MOVF REM_DIG4, W
0094   00DD           00274         MOVWF REM_DIG3
0095   085F           00275         MOVF REM_DIG5, W
0096   00DE           00276         MOVWF REM_DIG4
0097   0860           00277         MOVF REM_DIG6, W
0098   00DF           00278         MOVWF REM_DIG5
0099   0861           00279         MOVF REM_DIG7, W
009A   00E0           00280         MOVWF REM_DIG6
009B   0862           00281         MOVF REM_DIG8, W
009C   00E1           00282         MOVWF REM_DIG7
009D   0863           00283         MOVF REM_DIG9, W
009E   00E2           00284         MOVWF REM_DIG8
009F   0864           00285         MOVF REM_DIG10, W
00A0   00E3           00286         MOVWF REM_DIG9
00A1   0865           00287         MOVF REM_DIG11, W
00A2   00E4           00288         MOVWF REM_DIG10
00A3   0866           00289         MOVF REM_DIG12, W
00A4   00E5           00290         MOVWF REM_DIG11
00A5   0820           00291         MOVF VAL1_DIG0, W
00A6   00E6           00292         MOVWF REM_DIG12
                      00293         
00A7   0821           00294         MOVF VAL1_DIG1, W
00A8   00A0           00295         MOVWF VAL1_DIG0
00A9   0822           00296         MOVF VAL1_DIG2, W
00AA   00A1           00297         MOVWF VAL1_DIG1
00AB   0823           00298         MOVF VAL1_DIG3, W
00AC   00A2           00299         MOVWF VAL1_DIG2
00AD   0824           00300         MOVF VAL1_DIG4, W
00AE   00A3           00301         MOVWF VAL1_DIG3
00AF   0825           00302         MOVF VAL1_DIG5, W
00B0   00A4           00303         MOVWF VAL1_DIG4
00B1   0826           00304         MOVF VAL1_DIG6, W
00B2   00A5           00305         MOVWF VAL1_DIG5
00B3   0827           00306         MOVF VAL1_DIG7, W
00B4   00A6           00307         MOVWF VAL1_DIG6
MPASM  5.43                            CO.ASM   7-6-2025  19:46:22         PAGE  7


LOC  OBJECT CODE     LINE SOURCE TEXT
  VALUE

00B5   0828           00308         MOVF VAL1_DIG8, W
00B6   00A7           00309         MOVWF VAL1_DIG7
00B7   0829           00310         MOVF VAL1_DIG9, W
00B8   00A8           00311         MOVWF VAL1_DIG8
00B9   082A           00312         MOVF VAL1_DIG10, W
00BA   00A9           00313         MOVWF VAL1_DIG9
00BB   082B           00314         MOVF VAL1_DIG11, W
00BC   00AA           00315         MOVWF VAL1_DIG10
00BD   01AB           00316         CLRF VAL1_DIG11
00BE   0008           00317         RETURN
                      00318         
                      00319         ; - - - - - - - - - - - - - - - - - - - - - - - - - - SHIFT VAL2 - - - - - - - - - - - - - - - -
                             - - - - - - - - - - - - - - - 
00BF                  00320 MOVE_VAL2:
00BF   0837           00321         MOVF VAL2_DIG11, W
00C0   00B8           00322         MOVWF VAL2_DIG12
00C1   0836           00323         MOVF VAL2_DIG10, W
00C2   00B7           00324         MOVWF VAL2_DIG11
00C3   0835           00325         MOVF VAL2_DIG9, W
00C4   00B6           00326         MOVWF VAL2_DIG10
00C5   0834           00327         MOVF VAL2_DIG8, W
00C6   00B5           00328         MOVWF VAL2_DIG9
00C7   0833           00329         MOVF VAL2_DIG7, W
00C8   00B4           00330         MOVWF VAL2_DIG8
00C9   0832           00331         MOVF VAL2_DIG6, W
00CA   00B3           00332         MOVWF VAL2_DIG7
00CB   0831           00333         MOVF VAL2_DIG5, W
00CC   00B2           00334         MOVWF VAL2_DIG6
00CD   0830           00335         MOVF VAL2_DIG4, W
00CE   00B1           00336         MOVWF VAL2_DIG5
00CF   082F           00337         MOVF VAL2_DIG3, W
00D0   00B0           00338         MOVWF VAL2_DIG4
00D1   082E           00339         MOVF VAL2_DIG2, W
00D2   00AF           00340         MOVWF VAL2_DIG3
00D3   082D           00341         MOVF VAL2_DIG1, W
00D4   00AE           00342         MOVWF VAL2_DIG2
00D5   082C           00343         MOVF VAL2_DIG0, W
00D6   00AD           00344         MOVWF VAL2_DIG1
00D7   01AC           00345         CLRF VAL2_DIG0
00D8   0008           00346         RETURN
                      00347         
                      00348         ; - - - - - - - - - - - - - - - - - - - - - - - - - - COMPUTE INTEGER PART - - - - - - - - - - -
                             - - - - - - - - - - - - - - 
00D9                  00349 COMP_INT:
00D9   300C           00350         MOVLW 0x0C
00DA   00BF           00351         MOVWF DIV_CNT
00DB   304E           00352         MOVLW 0x4E
00DC   00C2           00353         MOVWF WORK_BYTE
00DD   01C7           00354         CLRF CNT_REG
                      00355         
00DE                  00356 INT_LOOP:
00DE   305A           00357         MOVLW 0x5A
00DF   00C0           00358         MOVWF OPERAND1
MPASM  5.43                            CO.ASM   7-6-2025  19:46:22         PAGE  8


LOC  OBJECT CODE     LINE SOURCE TEXT
  VALUE

00E0   302C           00359         MOVLW 0x2C
00E1   00B9           00360         MOVWF OPERAND2
00E2   208D           00361         CALL SHIFT_REM
00E3   01C7           00362         CLRF CNT_REG
                      00363         
00E4                  00364 SUB_INT_LOOP:
00E4   201A           00365         CALL CMP_BCD
00E5   1C03           00366         BTFSS STATUS, C
00E6   28EA           00367         GOTO NEXT_INT
00E7   2046           00368         CALL SUB_BCD
00E8   0AC7           00369         INCF CNT_REG, F
00E9   28E4           00370         GOTO SUB_INT_LOOP
                      00371         
00EA                  00372 NEXT_INT:
00EA   0842           00373         MOVF WORK_BYTE, W
00EB   0084           00374         MOVWF FSR
00EC   0847           00375         MOVF CNT_REG, W
00ED   0080           00376         MOVWF INDF
00EE   0AC2           00377         INCF WORK_BYTE, F
                      00378         
00EF   0842           00379         MOVF WORK_BYTE, W
00F0   3C59           00380         SUBLW 0x59
00F1   1C03           00381         BTFSS STATUS, C
00F2   0008           00382         RETURN
00F3   28DE           00383         GOTO INT_LOOP
                      00384         
                      00385         ; - - - - - - - - - - - - - - - - - - - - - - - - - - COMPUTE FRACTIONAL PART - - - - - - - - - 
                            - - - - - - - - - - - - - - 
00F4                  00386 COMP_FRAC:
00F4   300C           00387         MOVLW 0x0C
00F5   00BF           00388         MOVWF DIV_CNT
00F6   304E           00389         MOVLW 0x4E
00F7   00C2           00390         MOVWF WORK_BYTE
00F8   01C7           00391         CLRF CNT_REG
00F9   01DA           00392         CLRF REM_DIG0
00FA   2073           00393         CALL SHIFT_REM_ZERO
                      00394         
00FB                  00395 FRAC_LOOP:
00FB   305A           00396         MOVLW 0x5A
00FC   00C0           00397         MOVWF OPERAND1
00FD   302C           00398         MOVLW 0x2C
00FE   00B9           00399         MOVWF OPERAND2
                      00400         
00FF                  00401 SUB_FRAC_LOOP:
00FF   201A           00402         CALL CMP_BCD
0100   1C03           00403         BTFSS STATUS, C
0101   2905           00404         GOTO NEXT_FRAC
0102   2046           00405         CALL SUB_BCD
0103   0AC7           00406         INCF CNT_REG, F
0104   28FF           00407         GOTO SUB_FRAC_LOOP
                      00408         
0105                  00409 NEXT_FRAC:
0105   0842           00410         MOVF WORK_BYTE, W
MPASM  5.43                            CO.ASM   7-6-2025  19:46:22         PAGE  9


LOC  OBJECT CODE     LINE SOURCE TEXT
  VALUE

0106   0084           00411         MOVWF FSR
0107   0847           00412         MOVF CNT_REG, W
0108   0080           00413         MOVWF INDF
0109   0AC2           00414         INCF WORK_BYTE, F
010A   2073           00415         CALL SHIFT_REM_ZERO
010B   01C7           00416         CLRF CNT_REG
                      00417         
010C   0842           00418         MOVF WORK_BYTE, W
010D   3C59           00419         SUBLW 0x59
010E   1C03           00420         BTFSS STATUS, C
010F   0008           00421         RETURN
0110   28FB           00422         GOTO FRAC_LOOP
                      00423         
                      00424         ; - - - - - - - - - - - - - - - - - - - - - - - - - - COPY RESULT TO VAL1 - - - - - - - - - - - 
                            - - - - - - - - - - - - - - 
0111                  00425 COPY_TO_VAL1:
0111   084E           00426         MOVF OUT_DIG0, W
0112   00A0           00427         MOVWF VAL1_DIG0
0113   01CE           00428         CLRF OUT_DIG0
0114   084F           00429         MOVF OUT_DIG1, W
0115   00A1           00430         MOVWF VAL1_DIG1
0116   01CF           00431         CLRF OUT_DIG1
0117   0850           00432         MOVF OUT_DIG2, W
0118   00A2           00433         MOVWF VAL1_DIG2
0119   01D0           00434         CLRF OUT_DIG2
011A   0851           00435         MOVF OUT_DIG3, W
011B   00A3           00436         MOVWF VAL1_DIG3
011C   01D1           00437         CLRF OUT_DIG3
011D   0852           00438         MOVF OUT_DIG4, W
011E   00A4           00439         MOVWF VAL1_DIG4
011F   01D2           00440         CLRF OUT_DIG4
0120   0853           00441         MOVF OUT_DIG5, W
0121   00A5           00442         MOVWF VAL1_DIG5
0122   01D3           00443         CLRF OUT_DIG5
0123   0854           00444         MOVF OUT_DIG6, W
0124   00A6           00445         MOVWF VAL1_DIG6
0125   01D4           00446         CLRF OUT_DIG6
0126   0855           00447         MOVF OUT_DIG7, W
0127   00A7           00448         MOVWF VAL1_DIG7
0128   01D5           00449         CLRF OUT_DIG7
0129   0856           00450         MOVF OUT_DIG8, W
012A   00A8           00451         MOVWF VAL1_DIG8
012B   01D6           00452         CLRF OUT_DIG8
012C   0857           00453         MOVF OUT_DIG9, W
012D   00A9           00454         MOVWF VAL1_DIG9
012E   01D7           00455         CLRF OUT_DIG9
012F   0858           00456         MOVF OUT_DIG10, W
0130   00AA           00457         MOVWF VAL1_DIG10
0131   01D8           00458         CLRF OUT_DIG10
0132   0859           00459         MOVF OUT_DIG11, W
0133   00AB           00460         MOVWF VAL1_DIG11
0134   01D9           00461         CLRF OUT_DIG11
0135   0008           00462         RETURN
MPASM  5.43                            CO.ASM   7-6-2025  19:46:22         PAGE 10


LOC  OBJECT CODE     LINE SOURCE TEXT
  VALUE

                      00463         
                      00464         ; - - - - - - - - - - - - - - - - - - - - - - - - - - TRANSMIT DIGITS - - - - - - - - - - - - - 
                            - - - - - - - - - - - - - - 
0136                  00465 TRANSMIT:
0136   1683 1303      00466         BANKSEL TRISC
0138   3000           00467         MOVLW 0x00
Message[302]: Register in operand not in bank 0.  Ensure that bank bits are correct.
0139   0087           00468         MOVWF TRISC
013A   1283 1303      00469         BANKSEL PORTC
013C   0187           00470         CLRF PORTC
013D   0188           00471         CLRF PORTD
                      00472         
013E   0826           00473         MOVF VAL1_DIG6, W
013F   390F           00474         ANDLW 0x0F
0140   0087           00475         MOVWF PORTC
0141   21CB           00476         CALL PAUSE_500MS
0142   1408           00477         BSF PORTD, 0
0143   0000           00478         NOP
0144   0000           00479         NOP
0145   1008           00480         BCF PORTD, 0
0146   1E86           00481         BTFSS PORTB, 5
0147   2946           00482         GOTO $-1
0148   21CB           00483         CALL PAUSE_500MS
                      00484         
0149   0187           00485         CLRF PORTC
014A   0827           00486         MOVF VAL1_DIG7, W
014B   390F           00487         ANDLW 0x0F
014C   0087           00488         MOVWF PORTC
014D   21CB           00489         CALL PAUSE_500MS
014E   1408           00490         BSF PORTD, 0
014F   0000           00491         NOP
0150   0000           00492         NOP
0151   1008           00493         BCF PORTD, 0
0152   1E86           00494         BTFSS PORTB, 5
0153   2952           00495         GOTO $-1
0154   21CB           00496         CALL PAUSE_500MS
                      00497         
0155   0187           00498         CLRF PORTC
0156   0828           00499         MOVF VAL1_DIG8, W
0157   390F           00500         ANDLW 0x0F
0158   0087           00501         MOVWF PORTC
0159   21CB           00502         CALL PAUSE_500MS
015A   1408           00503         BSF PORTD, 0
015B   0000           00504         NOP
015C   0000           00505         NOP
015D   1008           00506         BCF PORTD, 0
015E   1E86           00507         BTFSS PORTB, 5
015F   295E           00508         GOTO $-1
0160   21CB           00509         CALL PAUSE_500MS
                      00510         
0161   0187           00511         CLRF PORTC
0162   0829           00512         MOVF VAL1_DIG9, W
0163   390F           00513         ANDLW 0x0F
MPASM  5.43                            CO.ASM   7-6-2025  19:46:22         PAGE 11


LOC  OBJECT CODE     LINE SOURCE TEXT
  VALUE

0164   0087           00514         MOVWF PORTC
0165   21CB           00515         CALL PAUSE_500MS
0166   1408           00516         BSF PORTD, 0
0167   0000           00517         NOP
0168   0000           00518         NOP
0169   1008           00519         BCF PORTD, 0
016A   1E86           00520         BTFSS PORTB, 5
016B   296A           00521         GOTO $-1
016C   21CB           00522         CALL PAUSE_500MS
                      00523         
016D   0187           00524         CLRF PORTC
016E   082A           00525         MOVF VAL1_DIG10, W
016F   390F           00526         ANDLW 0x0F
0170   0087           00527         MOVWF PORTC
0171   21CB           00528         CALL PAUSE_500MS
0172   1408           00529         BSF PORTD, 0
0173   0000           00530         NOP
0174   0000           00531         NOP
0175   1008           00532         BCF PORTD, 0
0176   1E86           00533         BTFSS PORTB, 5
0177   2976           00534         GOTO $-1
0178   21CB           00535         CALL PAUSE_500MS
                      00536         
0179   0187           00537         CLRF PORTC
017A   082B           00538         MOVF VAL1_DIG11, W
017B   390F           00539         ANDLW 0x0F
017C   0087           00540         MOVWF PORTC
017D   21CB           00541         CALL PAUSE_500MS
017E   1408           00542         BSF PORTD, 0
017F   0000           00543         NOP
0180   0000           00544         NOP
0181   1008           00545         BCF PORTD, 0
0182   1E86           00546         BTFSS PORTB, 5
0183   2982           00547         GOTO $-1
0184   21CB           00548         CALL PAUSE_500MS
                      00549         
0185   0187           00550         CLRF PORTC
0186   084E           00551         MOVF OUT_DIG0, W
0187   390F           00552         ANDLW 0x0F
0188   0087           00553         MOVWF PORTC
0189   21CB           00554         CALL PAUSE_500MS
018A   1408           00555         BSF PORTD, 0
018B   0000           00556         NOP
018C   0000           00557         NOP
018D   1008           00558         BCF PORTD, 0
018E   1E86           00559         BTFSS PORTB, 5
018F   298E           00560         GOTO $-1
0190   21CB           00561         CALL PAUSE_500MS
                      00562         
0191   0187           00563         CLRF PORTC
0192   084F           00564         MOVF OUT_DIG1, W
0193   390F           00565         ANDLW 0x0F
0194   0087           00566         MOVWF PORTC
MPASM  5.43                            CO.ASM   7-6-2025  19:46:22         PAGE 12


LOC  OBJECT CODE     LINE SOURCE TEXT
  VALUE

0195   21CB           00567         CALL PAUSE_500MS
0196   1408           00568         BSF PORTD, 0
0197   0000           00569         NOP
0198   0000           00570         NOP
0199   1008           00571         BCF PORTD, 0
019A   1E86           00572         BTFSS PORTB, 5
019B   299A           00573         GOTO $-1
019C   21CB           00574         CALL PAUSE_500MS
                      00575         
019D   0187           00576         CLRF PORTC
019E   0850           00577         MOVF OUT_DIG2, W
019F   390F           00578         ANDLW 0x0F
01A0   0087           00579         MOVWF PORTC
01A1   1408           00580         BSF PORTD, 0
01A2   0000           00581         NOP
01A3   0000           00582         NOP
01A4   1008           00583         BCF PORTD, 0
01A5   1E86           00584         BTFSS PORTB, 5
01A6   29A5           00585         GOTO $-1
01A7   21CB           00586         CALL PAUSE_500MS
                      00587         
01A8   0187           00588         CLRF PORTC
01A9   0851           00589         MOVF OUT_DIG3, W
01AA   390F           00590         ANDLW 0x0F
01AB   0087           00591         MOVWF PORTC
01AC   1408           00592         BSF PORTD, 0
01AD   0000           00593         NOP
01AE   0000           00594         NOP
01AF   1008           00595         BCF PORTD, 0
01B0   1E86           00596         BTFSS PORTB, 5
01B1   29B0           00597         GOTO $-1
01B2   21CB           00598         CALL PAUSE_500MS
                      00599         
01B3   0187           00600         CLRF PORTC
01B4   0852           00601         MOVF OUT_DIG4, W
01B5   390F           00602         ANDLW 0x0F
01B6   0087           00603         MOVWF PORTC
01B7   1408           00604         BSF PORTD, 0
01B8   0000           00605         NOP
01B9   0000           00606         NOP
01BA   1008           00607         BCF PORTD, 0
01BB   1E86           00608         BTFSS PORTB, 5
01BC   29BB           00609         GOTO $-1
01BD   21CB           00610         CALL PAUSE_500MS
                      00611         
01BE   0187           00612         CLRF PORTC
01BF   0853           00613         MOVF OUT_DIG5, W
01C0   390F           00614         ANDLW 0x0F
01C1   0087           00615         MOVWF PORTC
01C2   1408           00616         BSF PORTD, 0
01C3   0000           00617         NOP
01C4   0000           00618         NOP
01C5   1008           00619         BCF PORTD, 0
MPASM  5.43                            CO.ASM   7-6-2025  19:46:22         PAGE 13


LOC  OBJECT CODE     LINE SOURCE TEXT
  VALUE

01C6   1E86           00620         BTFSS PORTB, 5
01C7   29C6           00621         GOTO $-1
01C8   21CB           00622         CALL PAUSE_500MS
01C9   29E5           00623         GOTO SETUP
01CA   0008           00624         RETURN
                      00625         
                      00626         ; - - - - - - - - - - - - - - - - - - - - - - - - - - 500MS DELAY - - - - - - - - - - - - - - - 
                            - - - - - - - - - - - - - - - 
01CB                  00627 PAUSE_500MS:
01CB   1283           00628         BCF STATUS, RP0
01CC   1303           00629         BCF STATUS, RP1
01CD   30FF           00630         MOVLW 0xFF
01CE   00FD           00631         MOVWF 0x7D
01CF   3083           00632         MOVLW 0x83
01D0   00FE           00633         MOVWF 0x7E
01D1   3002           00634         MOVLW 0x02
01D2   00FF           00635         MOVWF 0x7F
01D3                  00636 PAUSE_L1:
01D3   0BFD           00637         DECFSZ 0x7D, F
01D4   29D3           00638         GOTO PAUSE_L1
01D5                  00639 PAUSE_L2:
01D5   0BFE           00640         DECFSZ 0x7E, F
01D6   29D3           00641         GOTO PAUSE_L1
01D7                  00642 PAUSE_L3:
01D7   0BFF           00643         DECFSZ 0x7F, F
01D8   29D5           00644         GOTO PAUSE_L2
01D9   0008           00645         RETURN
                      00646         
                      00647         ; - - - - - - - - - - - - - - - - - - - - - - - - - - BEGIN DIVISION - - - - - - - - - - - - - -
                             - - - - - - - - - - - - - - - 
01DA                  00648 INIT_DIV:
01DA   20BF           00649         CALL MOVE_VAL2
01DB   302B           00650         MOVLW 0x2B
01DC   00C0           00651         MOVWF OPERAND1
01DD   300C           00652         MOVLW 0x0C
01DE   00CB           00653         MOVWF TEMP_VAL
01DF   20D9           00654         CALL COMP_INT
01E0   2111           00655         CALL COPY_TO_VAL1
01E1   20F4           00656         CALL COMP_FRAC
01E2   21CB           00657         CALL PAUSE_500MS
01E3   2136           00658         CALL TRANSMIT
01E4   0008           00659         RETURN
                      00660         
                      00661         ; - - - - - - - - - - - - - - - - - - - - - - - - - - INITIALIZATION - - - - - - - - - - - - - -
                             - - - - - - - - - - - - - - - - - 
01E5                  00662 SETUP:
01E5   1303           00663         BCF STATUS, RP1
01E6   1683           00664         BSF STATUS, RP0
                      00665         
Message[302]: Register in operand not in bank 0.  Ensure that bank bits are correct.
01E7   1406           00666         BSF TRISB, 0
Message[302]: Register in operand not in bank 0.  Ensure that bank bits are correct.
01E8   1686           00667         BSF TRISB, 5
MPASM  5.43                            CO.ASM   7-6-2025  19:46:22         PAGE 14


LOC  OBJECT CODE     LINE SOURCE TEXT
  VALUE

Message[302]: Register in operand not in bank 0.  Ensure that bank bits are correct.
01E9   1086           00668         BCF TRISB, 1
                      00669         
01EA   1683 1303      00670         BANKSEL TRISD
Message[302]: Register in operand not in bank 0.  Ensure that bank bits are correct.
01EC   0188           00671         CLRF TRISD
01ED   30FF           00672         MOVLW 0xFF
Message[302]: Register in operand not in bank 0.  Ensure that bank bits are correct.
01EE   0087           00673         MOVWF TRISC
                      00674         
01EF   1283 1303      00675         BANKSEL PORTC
01F1   0187           00676         CLRF PORTC
01F2   0188           00677         CLRF PORTD
                      00678         
01F3   160B           00679         BSF INTCON, INTE
01F4   178B           00680         BSF INTCON, GIE
                      00681         
01F5   3020           00682         MOVLW 0x20
01F6   0084           00683         MOVWF FSR
01F7   21F9           00684         CALL CLEAR_REGS
01F8   2A20           00685         GOTO MAIN_LOOP
                      00686         
01F9                  00687 CLEAR_REGS:
01F9   0180           00688         CLRF INDF
01FA   0A84           00689         INCF FSR, F
01FB   3067           00690         MOVLW 0x67
01FC   0204           00691         SUBWF FSR, W
01FD   1D03           00692         BTFSS STATUS, Z
01FE   29F9           00693         GOTO CLEAR_REGS
01FF   3020           00694         MOVLW 0x20
0200   00E7           00695         MOVWF DATA_PTR
0201   0008           00696         RETURN
                      00697         
                      00698         ; - - - - - - - - - - - - - - - - - - - - - - - - - - INTERRUPT HANDLER - - - - - - - - - - - - 
                            - - - - - - - - - - - - - - - - 
0202                  00699 HANDLE_INT:
0202   108B           00700         BCF INTCON, INTF
0203   138B           00701         BCF INTCON, GIE
                      00702         
0204   0807           00703         MOVF PORTC, W
0205   00C9           00704         MOVWF BIN_INPUT
0206   2005           00705         CALL CONV_BIN_DEC
0207   00CA           00706         MOVWF DEC_OUTPUT
                      00707         
0208   3CFF           00708         SUBLW 0xFF
0209   1D03           00709         BTFSS STATUS, Z
020A   2A0C           00710         GOTO STORE_DIGIT
020B   2A19           00711         GOTO INT_EXIT
                      00712         
020C                  00713 STORE_DIGIT:
020C   0867           00714         MOVF DATA_PTR, W
020D   0084           00715         MOVWF FSR
020E   084A           00716         MOVF DEC_OUTPUT, W
MPASM  5.43                            CO.ASM   7-6-2025  19:46:22         PAGE 15


LOC  OBJECT CODE     LINE SOURCE TEXT
  VALUE

020F   0080           00717         MOVWF INDF
0210   0AE7           00718         INCF DATA_PTR, F
                      00719         
0211   3038           00720         MOVLW 0x38
0212   0667           00721         XORWF DATA_PTR, W
0213   1903           00722         BTFSC STATUS, Z
0214   1486           00723         BSF PORTB, 1
                      00724         
0215   3038           00725         MOVLW 0x38
0216   0667           00726         XORWF DATA_PTR, W
0217   1903           00727         BTFSC STATUS, Z
0218   21DA           00728         CALL INIT_DIV
                      00729         
0219                  00730 INT_EXIT:
0219   1486           00731         BSF PORTB, 1
021A   2017           00732         CALL BRIEF_PAUSE
021B   1086           00733         BCF PORTB, 1
021C   0667           00734         XORWF DATA_PTR, W
021D   1903           00735         BTFSC STATUS, Z
021E   1486           00736         BSF PORTB, 1
021F   0009           00737         RETFIE
                      00738         
                      00739         ; - - - - - - - - - - - - - - - - - - - - - - - - - - MAIN LOOP - - - - - - - - - - - - - - - - 
                            - - - - - - - - - - - - - - - 
0220                  00740 MAIN_LOOP:
0220   2A20           00741         GOTO MAIN_LOOP
                      00742         END
MPASM  5.43                            CO.ASM   7-6-2025  19:46:22         PAGE 16


SYMBOL TABLE
  LABEL                             VALUE 

ACKDT                             00000005
ACKEN                             00000004
ACKSTAT                           00000006
ADCON0                            0000001F
ADCON1                            0000009F
ADCS0                             00000006
ADCS1                             00000007
ADDEN                             00000003
ADFM                              00000007
ADIE                              00000006
ADIF                              00000006
ADON                              00000000
ADRESH                            0000001E
ADRESL                            0000009E
AUX_REG                           00000046
BCLIE                             00000003
BCLIF                             00000003
BF                                00000000
BIN_INPUT                         00000049
BIT_CNT                           00000043
BORROW_FLAG                       0000004D
BRGH                              00000002
BRIEF_PAUSE                       00000017
C                                 00000000
C1INV                             00000004
C1OUT                             00000006
C2INV                             00000005
C2OUT                             00000007
CCP1CON                           00000017
CCP1IE                            00000002
CCP1IF                            00000002
CCP1M0                            00000000
CCP1M1                            00000001
CCP1M2                            00000002
CCP1M3                            00000003
CCP1X                             00000005
CCP1Y                             00000004
CCP2CON                           0000001D
CCP2IE                            00000000
CCP2IF                            00000000
CCP2M0                            00000000
CCP2M1                            00000001
CCP2M2                            00000002
CCP2M3                            00000003
CCP2X                             00000005
CCP2Y                             00000004
CCPR1H                            00000016
CCPR1L                            00000015
CCPR2H                            0000001C
CCPR2L                            0000001B
CHS0                              00000003
CHS1                              00000004
CHS2                              00000005
MPASM  5.43                            CO.ASM   7-6-2025  19:46:22         PAGE 17


SYMBOL TABLE
  LABEL                             VALUE 

CIS                               00000003
CKE                               00000006
CKP                               00000004
CLEAR_REGS                        000001F9
CM0                               00000000
CM1                               00000001
CM2                               00000002
CMCON                             0000009C
CMIE                              00000006
CMIF                              00000006
CMP_BCD                           0000001A
CMP_CYCLE                         00000024
CMP_FINISH                        0000003B
CNT_REG                           00000047
COMP_CNT                          0000003E
COMP_DIG1                         0000003C
COMP_DIG2                         0000003B
COMP_FRAC                         000000F4
COMP_IDX                          0000003D
COMP_INT                          000000D9
COMP_LOOP                         0000003A
CONV_BIN_DEC                      00000005
COPY_TO_VAL1                      00000111
CREN                              00000004
CSRC                              00000007
CVR0                              00000000
CVR1                              00000001
CVR2                              00000002
CVR3                              00000003
CVRCON                            0000009D
CVREN                             00000007
CVROE                             00000006
CVRR                              00000005
D                                 00000005
DATA_ADDRESS                      00000005
DATA_PTR                          00000067
DC                                00000001
DEC_OUTPUT                        0000004A
DIG_CNT                           00000045
DIV_CNT                           0000003F
D_A                               00000005
EEADR                             0000010D
EEADRH                            0000010F
EECON1                            0000018C
EECON2                            0000018D
EEDATA                            0000010C
EEDATH                            0000010E
EEIE                              00000004
EEIF                              00000004
EEPGD                             00000007
F                                 00000001
FERR                              00000002
FRAC_LOOP                         000000FB
MPASM  5.43                            CO.ASM   7-6-2025  19:46:22         PAGE 18


SYMBOL TABLE
  LABEL                             VALUE 

FSR                               00000004
GCEN                              00000007
GIE                               00000007
GO                                00000002
GO_DONE                           00000002
HANDLE_INT                        00000202
I2C_DATA                          00000005
I2C_READ                          00000002
I2C_START                         00000003
I2C_STOP                          00000004
IBF                               00000007
IBOV                              00000005
INDF                              00000000
INIT_DIV                          000001DA
INTCON                            0000000B
INTE                              00000004
INTEDG                            00000006
INTF                              00000001
INT_CNT                           0000004C
INT_EXIT                          00000219
INT_LOOP                          000000DE
INVALID_BCD                       00000016
IRP                               00000007
MAIN_LOOP                         00000220
MOVE_VAL2                         000000BF
NEXT_FRAC                         00000105
NEXT_INT                          000000EA
NOT_A                             00000005
NOT_ADDRESS                       00000005
NOT_BO                            00000000
NOT_BOR                           00000000
NOT_DONE                          00000002
NOT_PD                            00000003
NOT_POR                           00000001
NOT_RBPU                          00000007
NOT_RC8                           00000006
NOT_T1SYNC                        00000002
NOT_TO                            00000004
NOT_TX8                           00000006
NOT_W                             00000002
NOT_WRITE                         00000002
OBF                               00000006
OERR                              00000001
OPERAND1                          00000040
OPERAND2                          00000039
OPTION_REG                        00000081
OUT_DIG0                          0000004E
OUT_DIG1                          0000004F
OUT_DIG10                         00000058
OUT_DIG11                         00000059
OUT_DIG2                          00000050
OUT_DIG3                          00000051
OUT_DIG4                          00000052
MPASM  5.43                            CO.ASM   7-6-2025  19:46:22         PAGE 19


SYMBOL TABLE
  LABEL                             VALUE 

OUT_DIG5                          00000053
OUT_DIG6                          00000054
OUT_DIG7                          00000055
OUT_DIG8                          00000056
OUT_DIG9                          00000057
P                                 00000004
PAUSE_500MS                       000001CB
PAUSE_L1                          000001D3
PAUSE_L2                          000001D5
PAUSE_L3                          000001D7
PCFG0                             00000000
PCFG1                             00000001
PCFG2                             00000002
PCFG3                             00000003
PCL                               00000002
PCLATH                            0000000A
PCON                              0000008E
PEIE                              00000006
PEN                               00000002
PIE1                              0000008C
PIE2                              0000008D
PIR1                              0000000C
PIR2                              0000000D
PORTA                             00000005
PORTB                             00000006
PORTC                             00000007
PORTD                             00000008
PORTE                             00000009
PR2                               00000092
PS0                               00000000
PS1                               00000001
PS2                               00000002
PSA                               00000003
PSPIE                             00000007
PSPIF                             00000007
PSPMODE                           00000004
R                                 00000002
RBIE                              00000003
RBIF                              00000000
RC8_9                             00000006
RC9                               00000006
RCD8                              00000000
RCEN                              00000003
RCIE                              00000005
RCIF                              00000005
RCREG                             0000001A
RCSTA                             00000018
RD                                00000000
READ_WRITE                        00000002
REM_DIG0                          0000005A
REM_DIG1                          0000005B
REM_DIG10                         00000064
REM_DIG11                         00000065
MPASM  5.43                            CO.ASM   7-6-2025  19:46:22         PAGE 20


SYMBOL TABLE
  LABEL                             VALUE 

REM_DIG12                         00000066
REM_DIG2                          0000005C
REM_DIG3                          0000005D
REM_DIG4                          0000005E
REM_DIG5                          0000005F
REM_DIG6                          00000060
REM_DIG7                          00000061
REM_DIG8                          00000062
REM_DIG9                          00000063
RP0                               00000005
RP1                               00000006
RSEN                              00000001
RX9                               00000006
RX9D                              00000000
R_W                               00000002
S                                 00000003
SAVE_SUB_RESULT                   00000069
SEN                               00000000
SETUP                             000001E5
SET_BORROW                        00000065
SHIFT_REM                         0000008D
SHIFT_REM_ZERO                    00000073
SMP                               00000007
SPBRG                             00000099
SPEN                              00000007
SREN                              00000005
SSPADD                            00000093
SSPBUF                            00000013
SSPCON                            00000014
SSPCON2                           00000091
SSPEN                             00000005
SSPIE                             00000003
SSPIF                             00000003
SSPM0                             00000000
SSPM1                             00000001
SSPM2                             00000002
SSPM3                             00000003
SSPOV                             00000006
SSPSTAT                           00000094
STATUS                            00000003
STORE_DIGIT                       0000020C
SUB_BCD                           00000046
SUB_BCD_CYCLE                     0000004E
SUB_FRAC_LOOP                     000000FF
SUB_INT_LOOP                      000000E4
SYNC                              00000004
T0CS                              00000005
T0IE                              00000005
T0IF                              00000002
T0SE                              00000004
T1CKPS0                           00000004
T1CKPS1                           00000005
T1CON                             00000010
MPASM  5.43                            CO.ASM   7-6-2025  19:46:22         PAGE 21


SYMBOL TABLE
  LABEL                             VALUE 

T1INSYNC                          00000002
T1OSCEN                           00000003
T1SYNC                            00000002
T2CKPS0                           00000000
T2CKPS1                           00000001
T2CON                             00000012
TEMP3_REG                         00000048
TEMP_STOR                         00000041
TEMP_STOR2                        00000044
TEMP_VAL                          0000004B
TMR0                              00000001
TMR0IE                            00000005
TMR0IF                            00000002
TMR1CS                            00000001
TMR1H                             0000000F
TMR1IE                            00000000
TMR1IF                            00000000
TMR1L                             0000000E
TMR1ON                            00000000
TMR2                              00000011
TMR2IE                            00000001
TMR2IF                            00000001
TMR2ON                            00000002
TOUTPS0                           00000003
TOUTPS1                           00000004
TOUTPS2                           00000005
TOUTPS3                           00000006
TRANSMIT                          00000136
TRISA                             00000085
TRISB                             00000086
TRISC                             00000087
TRISD                             00000088
TRISE                             00000089
TRISE0                            00000000
TRISE1                            00000001
TRISE2                            00000002
TRMT                              00000001
TX8_9                             00000006
TX9                               00000006
TX9D                              00000000
TXD8                              00000000
TXEN                              00000005
TXIE                              00000004
TXIF                              00000004
TXREG                             00000019
TXSTA                             00000098
UA                                00000001
VAL1_DIG0                         00000020
VAL1_DIG1                         00000021
VAL1_DIG10                        0000002A
VAL1_DIG11                        0000002B
VAL1_DIG2                         00000022
VAL1_DIG3                         00000023
MPASM  5.43                            CO.ASM   7-6-2025  19:46:22         PAGE 22


SYMBOL TABLE
  LABEL                             VALUE 

VAL1_DIG4                         00000024
VAL1_DIG5                         00000025
VAL1_DIG6                         00000026
VAL1_DIG7                         00000027
VAL1_DIG8                         00000028
VAL1_DIG9                         00000029
VAL1_SMALLER                      00000042
VAL2_DIG0                         0000002C
VAL2_DIG1                         0000002D
VAL2_DIG10                        00000036
VAL2_DIG11                        00000037
VAL2_DIG12                        00000038
VAL2_DIG2                         0000002E
VAL2_DIG3                         0000002F
VAL2_DIG4                         00000030
VAL2_DIG5                         00000031
VAL2_DIG6                         00000032
VAL2_DIG7                         00000033
VAL2_DIG8                         00000034
VAL2_DIG9                         00000035
W                                 00000000
WCOL                              00000007
WORK_BYTE                         00000042
WR                                00000001
WREN                              00000002
WRERR                             00000003
Z                                 00000002
_BODEN_OFF                        00003FBF
_BODEN_ON                         00003FFF
_CPD_OFF                          00003FFF
_CPD_ON                           00003EFF
_CP_ALL                           00001FFF
_CP_OFF                           00003FFF
_DEBUG_OFF                        00003FFF
_DEBUG_ON                         000037FF
_HS_OSC                           00003FFE
_LP_OSC                           00003FFC
_LVP_OFF                          00003F7F
_LVP_ON                           00003FFF
_PWRTE_OFF                        00003FFF
_PWRTE_ON                         00003FF7
_RC_OSC                           00003FFF
_WDT_OFF                          00003FFB
_WDT_ON                           00003FFF
_WRT_1FOURTH                      00003BFF
_WRT_256                          00003DFF
_WRT_HALF                         000039FF
_WRT_OFF                          00003FFF
_XT_OSC                           00003FFD
__16F877A                         00000001
__DEBUG                           1
MPASM  5.43                            CO.ASM   7-6-2025  19:46:22         PAGE 23


MEMORY USAGE MAP ('X' = Used,  '-' = Unused)


0000 : X---XXXXXXXXXXXX XXXXXXXXXXXXXXXX XXXXXXXXXXXXXXXX XXXXXXXXXXXXXXXX
0040 : XXXXXXXXXXXXXXXX XXXXXXXXXXXXXXXX XXXXXXXXXXXXXXXX XXXXXXXXXXXXXXXX
0080 : XXXXXXXXXXXXXXXX XXXXXXXXXXXXXXXX XXXXXXXXXXXXXXXX XXXXXXXXXXXXXXXX
00C0 : XXXXXXXXXXXXXXXX XXXXXXXXXXXXXXXX XXXXXXXXXXXXXXXX XXXXXXXXXXXXXXXX
0100 : XXXXXXXXXXXXXXXX XXXXXXXXXXXXXXXX XXXXXXXXXXXXXXXX XXXXXXXXXXXXXXXX
0140 : XXXXXXXXXXXXXXXX XXXXXXXXXXXXXXXX XXXXXXXXXXXXXXXX XXXXXXXXXXXXXXXX
0180 : XXXXXXXXXXXXXXXX XXXXXXXXXXXXXXXX XXXXXXXXXXXXXXXX XXXXXXXXXXXXXXXX
01C0 : XXXXXXXXXXXXXXXX XXXXXXXXXXXXXXXX XXXXXXXXXXXXXXXX XXXXXXXXXXXXXXXX
0200 : XXXXXXXXXXXXXXXX XXXXXXXXXXXXXXXX X--------------- ----------------
2000 : -------X-------- ---------------- ---------------- ----------------

All other memory blocks unused.

Program Memory Words Used:   542
Program Memory Words Free:  7650


Errors   :     0
Warnings :     0 reported,     0 suppressed
Messages :     6 reported,     0 suppressed

