MPASM  5.43                        MASTER.ASM   7-6-2025  19:43:02         PAGE  1


LOC  OBJECT CODE     LINE SOURCE TEXT
  VALUE

Warning[205]: Found directive in column 1. (PROCESSOR)
                      00001 PROCESSOR 16F877A
                      00002         #include <p16f877a.inc>
                      00001         LIST
                      00002 ; P16F877A.INC  Standard Header File, Version 1.00    Microchip Technology, Inc.
                      00398         LIST
2007   3F71           00003         __CONFIG _CP_OFF & _WDT_OFF & _BODEN_ON & _PWRTE_ON & _XT_OSC & _LVP_OFF
                      00004 
                      00005 ;==============================================================================
                      00006 ; 1. REGISTER AND CONSTANT DEFINITIONS
                      00007 ;==============================================================================
                      00008 
                      00009     cblock  0x20        ; Start of General Purpose Register block
                      00010     ; --- System State & Control ---
  00000020            00011     CALC_STATE          ; Main state machine variable
  00000021            00012     DISP_SCREEN         ; Display mode: 0=Result, 1=Num1, 2=Num2
                      00013 
                      00014     ; --- Number Storage Buffers ---
  00000022            00015     NUM1_INT: 6        ; Buffer for integer part of first number
  00000028            00016     NUM1_FRAC: 6       ; Buffer for fractional part of first number
  0000002E            00017     NUM2_INT: 6        ; Buffer for integer part of second number
  00000034            00018     NUM2_FRAC: 6       ; Buffer for fractional part of second number
  0000003A            00019     CALC_RESULT: 24    ; Buffer for co-processor result
                      00020 
                      00021     ; --- User Input Handling ---
  0000005E            00022     CURSOR_POS         ; Current digit being edited
  0000005F            00023     LAST_CURSOR        ; Previous cursor position
  00000060            00024     DOUBLE_TAP_FLAG    ; Flag for double-click detection
                      00025 
                      00026     ; --- ISR and Temporary Storage ---
  00000061            00027     ISR_W_TEMP         ; W register save for ISR
  00000062            00028     ISR_STAT_TEMP      ; STATUS register save for ISR
  00000063            00029     TEMP_COUNT         ; Temporary counter
  00000064            00030     WORK_REG_A         ; Temporary register A
  00000065            00031     WORK_REG_B         ; Temporary register B
  00000066            00032     INPUT_TIMER        ; Timer for input loops
                      00033     endc
                      00034 
                      00035 ; --- State Constants ---
                      00036 #define STATE_INIT         0
                      00037 #define STATE_NUM1_INPUT   1
                      00038 #define STATE_NUM2_INPUT   2
                      00039 #define STATE_SEND_DATA    3
                      00040 #define STATE_RECV_DATA    4
                      00041 #define STATE_DISP_RESULT  5
                      00042 
                      00043 ;==============================================================================
                      00044 ; PROGRAM VECTORS
                      00045 ;==============================================================================
                      00046 
0000                  00047         ORG 0x00            ; Reset Vector
0000   2B2E           00048         goto Main_Entry
                      00049 
MPASM  5.43                        MASTER.ASM   7-6-2025  19:43:02         PAGE  2


LOC  OBJECT CODE     LINE SOURCE TEXT
  VALUE

0004                  00050         ORG 0x04            ; Interrupt Vector
0004   2AB0           00051         goto ISR_Service
                      00052 
                      00053 ;==============================================================================
                      00054 ; UTILITY AND HELPER ROUTINES
                      00055 ;==============================================================================
                      00056 
                      00057 ; --- Delay Routines ---
0005                  00058 Pause_1ms:
0005   30F9           00059     MOVLW   d'249'
0006   00E3           00060     MOVWF   TEMP_COUNT
0007                  00061 Pause1ms_Loop:
0007   0000           00062     NOP
0008   0BE3           00063     DECFSZ  TEMP_COUNT, F
0009   2807           00064     GOTO    Pause1ms_Loop
000A   0008           00065     RETURN
                      00066 
000B                  00067 Pause_500ms:
000B   1283           00068     BCF     STATUS, RP0
000C   1303           00069     BCF     STATUS, RP1
000D   30FF           00070     MOVLW   0xFF
000E   00FD           00071     MOVWF   0x7D
000F   3083           00072     MOVLW   0x83
0010   00FE           00073     MOVWF   0x7E
0011   3002           00074     MOVLW   0x02
0012   00FF           00075     MOVWF   0x7F
0013                  00076 Pause500ms_L1:
0013   0BFD           00077     DECFSZ  0x7D, F
0014   2813           00078     GOTO    Pause500ms_L1
0015                  00079 Pause500ms_L2:
0015   0BFE           00080     DECFSZ  0x7E, F
0016   2813           00081     GOTO    Pause500ms_L1
0017                  00082 Pause500ms_L3:
0017   0BFF           00083     DECFSZ  0x7F, F
0018   2815           00084     GOTO    Pause500ms_L2
0019   0008           00085     RETURN
                      00086 
001A                  00087 Pause_2s:
001A   200B           00088     CALL    Pause_500ms
001B   200B           00089     CALL    Pause_500ms
001C   200B           00090     CALL    Pause_500ms
001D   200B           00091     CALL    Pause_500ms
001E   0008           00092     RETURN
                      00093 
                      00094 ; --- Buffer Management ---
001F                  00095 Reset_NUM2_Buffer:
001F   302E           00096     MOVLW   NUM2_INT
0020   0084           00097     MOVWF   FSR
0021   300C           00098     MOVLW   0x0C
0022   00E3           00099     MOVWF   TEMP_COUNT
0023                  00100 Reset_NUM2_Loop:
0023   0180           00101     CLRF    INDF
0024   0A84           00102     INCF    FSR, F
MPASM  5.43                        MASTER.ASM   7-6-2025  19:43:02         PAGE  3


LOC  OBJECT CODE     LINE SOURCE TEXT
  VALUE

0025   0BE3           00103     DECFSZ  TEMP_COUNT, F
0026   2823           00104     GOTO    Reset_NUM2_Loop
0027   0008           00105     RETURN
                      00106 
0028                  00107 Reset_Result_Buffer:
0028   303A           00108     MOVLW   CALC_RESULT
0029   0084           00109     MOVWF   FSR
002A   3018           00110     MOVLW   0x18
002B   00E3           00111     MOVWF   TEMP_COUNT
002C                  00112 Reset_Result_Loop:
002C   0180           00113     CLRF    INDF
002D   0A84           00114     INCF    FSR, F
002E   0BE3           00115     DECFSZ  TEMP_COUNT, F
002F   282C           00116     GOTO    Reset_Result_Loop
0030   0008           00117     RETURN
                      00118 
                      00119 ; --- Input Detection ---
0031                  00120 Check_Double_Tap:
0031   01E0           00121     CLRF    DOUBLE_TAP_FLAG
0032   30FF           00122     MOVLW   0xFF
0033   00E5           00123     MOVWF   WORK_REG_B
0034   1C06           00124     BTFSS   PORTB, 0
0035   2834           00125     GOTO    $-1
0036                  00126 Check_Tap_Loop:
0036   1C06           00127     BTFSS   PORTB, 0
0037   283D           00128     GOTO    Set_Double_Tap
0038   2005           00129     CALL    Pause_1ms
0039   2005           00130     CALL    Pause_1ms
003A   0BE5           00131     DECFSZ  WORK_REG_B, F
003B   2836           00132     GOTO    Check_Tap_Loop
003C   0008           00133     RETURN
003D                  00134 Set_Double_Tap:
003D   3001           00135     MOVLW   0x01
003E   00E0           00136     MOVWF   DOUBLE_TAP_FLAG
003F   0008           00137     RETURN
                      00138 
                      00139 ; --- Communication Routines ---
0040                  00140 Transmit_To_CoProc:
0040   3022           00141     MOVLW   NUM1_INT  
0041   0084           00142     MOVWF   FSR
0042   3018           00143     MOVLW   0x18
0043   00E4           00144     MOVWF   WORK_REG_A
0044                  00145 Send_Loop:
0044   0800           00146     MOVF    INDF, W
0045   390F           00147     ANDLW   0x0F
0046   0087           00148     MOVWF   PORTC
0047   1408           00149     BSF     PORTD, 0
0048   0000           00150     NOP
0049   1008           00151     BCF     PORTD, 0
004A                  00152 Wait_CoProc_ACK:
004A   1E86           00153     BTFSS   PORTB, 5
004B   284A           00154     GOTO    Wait_CoProc_ACK
004C   2005           00155     CALL    Pause_1ms
MPASM  5.43                        MASTER.ASM   7-6-2025  19:43:02         PAGE  4


LOC  OBJECT CODE     LINE SOURCE TEXT
  VALUE

004D   2005           00156     CALL    Pause_1ms
004E   2005           00157     CALL    Pause_1ms
004F   2005           00158     CALL    Pause_1ms
0050   0A84           00159     INCF    FSR, F
0051   0BE4           00160     DECFSZ  WORK_REG_A, F
0052   2844           00161     GOTO    Send_Loop
0053   0008           00162     RETURN
                      00163 
0054                  00164 Receive_From_CoProc:
0054   1683 1303      00165     BANKSEL TRISC
0056   30FF           00166     MOVLW   0xFF
Message[302]: Register in operand not in bank 0.  Ensure that bank bits are correct.
0057   0087           00167     MOVWF   TRISC
0058   1283 1303      00168     BANKSEL FSR
005A   303A           00169     MOVLW   CALC_RESULT
005B   0084           00170     MOVWF   FSR
005C   285D           00171     GOTO    Recv_Loop
005D                  00172 Recv_Loop:
005D   1D06           00173     BTFSS   PORTB, 2
005E   285D           00174     GOTO    $-1
005F   0807           00175     MOVF    PORTC, W
0060   390F           00176     ANDLW   0x0F
0061   0080           00177     MOVWF   INDF
0062   1486           00178     BSF     PORTB, 1
0063   0000           00179     NOP
0064   0000           00180     NOP
0065   1086           00181     BCF     PORTB, 1
0066   0A84           00182     INCF    FSR, F
0067   0804           00183     MOVF    FSR, W
0068   3C46           00184     SUBLW   0x46
0069   1D03           00185     BTFSS   STATUS, Z
006A   285D           00186     GOTO    Recv_Loop
006B   2A8F           00187     GOTO    Switch_To_Result_Mode
                      00188 
                      00189 ;==============================================================================
                      00190 ; LCD DISPLAY ROUTINES (RENAMED ONLY, INTERNALS UNCHANGED)
                      00191 ;==============================================================================
                      00192 
                      00193     INCLUDE "LCDIS.INC"
                      00001 ;       LCDIS.INC               MPB     19-12-05
                      00002 ;
                      00003 ;       Include file to operate 16x2 LCD display
                      00004 ;       Uses GPR 70 - 75
                      00005 ;       
                      00006 ;       Final version
                      00007 ;-------------------------------------------------------------------------------------------
                      00008 
  00000070            00009 Timer1  EQU     70              ; 1ms count register
  00000071            00010 TimerX  EQU     71              ; Xms count register
  00000072            00011 Var     EQU     72              ; Output variable
  00000073            00012 Point   EQU     73              ; Program table pointer
  00000074            00013 Select  EQU     74              ; Used to set or clear RS bit
  00000075            00014 OutCod  EQU     75              ; Temp store for output code
MPASM  5.43                        MASTER.ASM   7-6-2025  19:43:02         PAGE  5


LOC  OBJECT CODE     LINE SOURCE TEXT
  VALUE

                      00015 
  00000001            00016 RS      EQU     1               ; Register select output bit
  00000002            00017 E       EQU     2               ; Enable output clocks display input
                      00018 
                      00019 
                      00020 ;--------------------------------------------------------------------------------------------   
                      00021 ;       1ms delay with 1us cycle time (1000 cycles) assuming 4MHZ oscillator
                      00022 ;--------------------------------------------------------------------------------------------   
006C                  00023 onems   ;nop
006C   30F9           00024                 MOVLW   D'249'          ; Count for 1ms delay ==> 1 + 1 + 1 + 248 * (1 + 1 + 2) + 1 + 2 
                            + 2 = 
006D   00F0           00025                 MOVWF   Timer1          ; Load count
006E   0000           00026 loop1   NOP                     ; Pad for 4 cycle loop
Message[305]: Using default destination of 1 (file).
006F   0BF0           00027                 DECFSZ  Timer1          ; Count
0070   286E           00028                 GOTO    loop1           ; until Z
0071   0008           00029                 RETURN                  ; and finish
                      00030 
                      00031 ;---------------------------------------------------------------------------------------------  
                      00032 ;       Delay Xms
                      00033 ;       Receives count in W, uses Onems
                      00034 ;---------------------------------------------------------------------------------------------  
0072   00F1           00035 xms             MOVWF   TimerX          ; Count for X ms
0073   206C           00036 loopX   CALL    onems           ; Delay 1ms
Message[305]: Using default destination of 1 (file).
0074   0BF1           00037                 DECFSZ  TimerX          ; Repeat X times 
0075   2873           00038                 GOTO    loopX           ; until Z
0076   0008           00039                 RETURN                  ; and finish
                      00040 
                      00041 ;---------------------------------------------------------------------------------------------  
                      00042 ;       Generate data/command clock siganl E
                      00043 ;---------------------------------------------------------------------------------------------  
0077   1508           00044 pulseE  BSF     PORTD,E         ; Set E high
0078   206C           00045         CALL    onems           ; Delay 1ms
0079   1108           00046         BCF     PORTD,E         ; Reset E low
007A   206C           00047         CALL    onems           ; Delay 1ms
007B   0008           00048         RETURN                  ; done
                      00049 
                      00050 ;---------------------------------------------------------------------------------------------  
                      00051 ;       Send a command byte in two nibbles from RB4 - RB7
                      00052 ;       Receives command in W, uses PulseE and Onems
                      00053 ;---------------------------------------------------------------------------------------------  
007C   00F5           00054 send    MOVWF   OutCod          ; Store output code
007D   39F0           00055         ANDLW   0F0             ; Clear low nybble
007E   0088           00056         MOVWF   PORTD           ; Output high nybble
007F   18F4           00057         BTFSC   Select,RS       ; Test RS bit
0080   1488           00058         BSF     PORTD,RS        ; and set for data
0081   2077           00059         CALL    pulseE          ; and clock display register
0082   206C           00060         CALL    onems           ; wait 1ms for display to complete
                      00061 
Message[305]: Using default destination of 1 (file).
0083   0EF5           00062         SWAPF   OutCod          ; Swap low and high nybbles 
0084   0875           00063         MOVF    OutCod,W        ; Retrieve output code
MPASM  5.43                        MASTER.ASM   7-6-2025  19:43:02         PAGE  6


LOC  OBJECT CODE     LINE SOURCE TEXT
  VALUE

0085   39F0           00064         ANDLW   0F0             ; Clear low nybble
0086   0088           00065         MOVWF   PORTD           ; Output low nybble
0087   18F4           00066         BTFSC   Select,RS       ; Test RS bit
0088   1488           00067         BSF     PORTD,RS        ; and set for data
0089   2077           00068         CALL    pulseE          ; and clock display register
008A   206C           00069         CALL    onems           ; wait 1ms for display to complete
008B   0008           00070         RETURN                  ; done
                      00071 
                      00072 ;---------------------------------------------------------------------------------------------  
                      00073 ;       Initialise the display
                      00074 ;       Uses Send
                      00075 ;---------------------------------------------------------------------------------------------  
008C   3064           00076 inid    MOVLW   D'100'          ; Load count for 100ms delay
008D   2072           00077         CALL    xms             ; and wait for display start
008E   30F0           00078         MOVLW   0F0             ; Mask for select code
008F   00F4           00079         MOVWF   Select          ; High nybble not masked
                      00080 
0090   3030           00081         MOVLW   0x30            ; Load initial nibble
0091   0088           00082         MOVWF   PORTD           ; and output it to display
0092   2077           00083         CALL    pulseE          ; Latch initial code
0093   3005           00084         MOVLW   D'5'            ; Set delay 5ms
0094   2072           00085         CALL    xms             ; and wait
0095   2077           00086         CALL    pulseE          ; Latch initial code again
0096   206C           00087         CALL    onems           ; Wait 1ms
0097   2077           00088         CALL    pulseE          ; Latch initial code again
0098   1208           00089         BCF     PORTD,4         ; Set 4-bit mode
0099   2077           00090         CALL    pulseE          ; Latch it
                      00091         
009A   3028           00092         MOVLW   0x28            ; Set 4-bit mode, 2 lines
009B   207C           00093         CALL    send            ; and send code
009C   3008           00094         MOVLW   0x08            ; Switch off display
009D   207C           00095         CALL    send            ; and send code
009E   3001           00096         MOVLW   0x01            ; Code to clear display
009F   207C           00097         CALL    send            ; and send code
00A0   3006           00098         MOVLW   0x06            ; Enable cursor auto inc  
00A1   207C           00099         CALL    send            ; and send code
00A2   3080           00100         MOVLW   0x80            ; Zero display address
00A3   207C           00101         CALL    send            ; and send code
00A4   300C           00102         MOVLW   0x0C            ; Turn on display  
00A5   207C           00103         CALL    send            ; and send code
                      00104 
00A6   0008           00105         RETURN                  ; Done
                      00194 
00A7                  00195 Clear_LCD:
00A7   3001           00196     MOVLW   0x01
00A8   10F4           00197     BCF     Select, RS
00A9   207C           00198     CALL    send
00AA   3080           00199     MOVLW   0x80
00AB   10F4           00200     BCF     Select, RS
00AC   207C           00201     CALL    send
00AD   14F4           00202     BSF     Select, RS
00AE   0008           00203     RETURN
                      00204 
MPASM  5.43                        MASTER.ASM   7-6-2025  19:43:02         PAGE  7


LOC  OBJECT CODE     LINE SOURCE TEXT
  VALUE

00AF                  00205 Show_Welcome:
00AF   20A7           00206     CALL    Clear_LCD
00B0   3057           00207     MOVLW   'W'
00B1   207C           00208     CALL    send
00B2   3065           00209     MOVLW   'e'
00B3   207C           00210     CALL    send
00B4   306C           00211     MOVLW   'l'
00B5   207C           00212     CALL    send
00B6   3063           00213     MOVLW   'c'
00B7   207C           00214     CALL    send
00B8   306F           00215     MOVLW   'o'
00B9   207C           00216     CALL    send
00BA   306D           00217     MOVLW   'm'
00BB   207C           00218     CALL    send
00BC   3065           00219     MOVLW   'e'
00BD   207C           00220     CALL    send
00BE   3020           00221     MOVLW   ' '
00BF   207C           00222     CALL    send
00C0   3074           00223     MOVLW   't'
00C1   207C           00224     CALL    send
00C2   306F           00225     MOVLW   'o'
00C3   207C           00226     CALL    send
00C4   10F4           00227     BCF     Select, RS
00C5   30C0           00228     MOVLW   0xC0
00C6   207C           00229     CALL    send
00C7   14F4           00230     BSF     Select, RS
00C8   3044           00231     MOVLW   'D'
00C9   207C           00232     CALL    send
00CA   3069           00233     MOVLW   'i'
00CB   207C           00234     CALL    send
00CC   3076           00235     MOVLW   'v'
00CD   207C           00236     CALL    send
00CE   3069           00237     MOVLW   'i'
00CF   207C           00238     CALL    send
00D0   3073           00239     MOVLW   's'
00D1   207C           00240     CALL    send
00D2   3069           00241     MOVLW   'i'
00D3   207C           00242     CALL    send
00D4   306F           00243     MOVLW   'o'
00D5   207C           00244     CALL    send
00D6   306E           00245     MOVLW   'n'
00D7   207C           00246     CALL    send
00D8   0008           00247     RETURN
                      00248 
00D9                  00249 Display_NUM1:
00D9   20A7           00250     CALL    Clear_LCD
00DA   14F4           00251     BSF     Select, RS
00DB   304E           00252     MOVLW   'N'
00DC   207C           00253     CALL    send
00DD   3075           00254     MOVLW   'u'
00DE   207C           00255     CALL    send
00DF   306D           00256     MOVLW   'm'
00E0   207C           00257     CALL    send
MPASM  5.43                        MASTER.ASM   7-6-2025  19:43:02         PAGE  8


LOC  OBJECT CODE     LINE SOURCE TEXT
  VALUE

00E1   3062           00258     MOVLW   'b'
00E2   207C           00259     CALL    send
00E3   3065           00260     MOVLW   'e'
00E4   207C           00261     CALL    send
00E5   3072           00262     MOVLW   'r'
00E6   207C           00263     CALL    send
00E7   3020           00264     MOVLW   ' '
00E8   207C           00265     CALL    send
00E9   3031           00266     MOVLW   '1'
00EA   207C           00267     CALL    send
00EB   10F4           00268     BCF     Select, RS
00EC   30C0           00269     MOVLW   0xC0
00ED   207C           00270     CALL    send
00EE   14F4           00271     BSF     Select, RS
00EF   0822           00272     MOVF    NUM1_INT+0, W
00F0   3E30           00273     ADDLW   '0'
00F1   207C           00274     CALL    send
00F2   0823           00275     MOVF    NUM1_INT+1, W
00F3   3E30           00276     ADDLW   '0'
00F4   207C           00277     CALL    send
00F5   0824           00278     MOVF    NUM1_INT+2, W
00F6   3E30           00279     ADDLW   '0'
00F7   207C           00280     CALL    send
00F8   0825           00281     MOVF    NUM1_INT+3, W
00F9   3E30           00282     ADDLW   '0'
00FA   207C           00283     CALL    send
00FB   0826           00284     MOVF    NUM1_INT+4, W
00FC   3E30           00285     ADDLW   '0'
00FD   207C           00286     CALL    send
00FE   0827           00287     MOVF    NUM1_INT+5, W
00FF   3E30           00288     ADDLW   '0'
0100   207C           00289     CALL    send
0101   302E           00290     MOVLW   '.'
0102   207C           00291     CALL    send
0103   0828           00292     MOVF    NUM1_FRAC+0, W
0104   3E30           00293     ADDLW   '0'
0105   207C           00294     CALL    send
0106   0829           00295     MOVF    NUM1_FRAC+1, W
0107   3E30           00296     ADDLW   '0'
0108   207C           00297     CALL    send
0109   082A           00298     MOVF    NUM1_FRAC+2, W
010A   3E30           00299     ADDLW   '0'
010B   207C           00300     CALL    send
010C   082B           00301     MOVF    NUM1_FRAC+3, W
010D   3E30           00302     ADDLW   '0'
010E   207C           00303     CALL    send
010F   082C           00304     MOVF    NUM1_FRAC+4, W
0110   3E30           00305     ADDLW   '0'
0111   207C           00306     CALL    send
0112   082D           00307     MOVF    NUM1_FRAC+5, W
0113   3E30           00308     ADDLW   '0'
0114   207C           00309     CALL    send
0115   10F4           00310     BCF     Select, RS
MPASM  5.43                        MASTER.ASM   7-6-2025  19:43:02         PAGE  9


LOC  OBJECT CODE     LINE SOURCE TEXT
  VALUE

0116   300C           00311     MOVLW   0x0C
0117   207C           00312     CALL    send
0118   300E           00313     MOVLW   0x0E
0119   207C           00314     CALL    send
011A   085E           00315     MOVF    CURSOR_POS, W
011B   3C0D           00316     SUBLW   0x0D
011C   00E4           00317     MOVWF   WORK_REG_A
011D   085E           00318     MOVF    CURSOR_POS, W
011E   3C05           00319     SUBLW   5
011F   1C03           00320     BTFSS   STATUS, C
0120   03E4           00321     DECF    WORK_REG_A, F
0121                  00322 Move_Cursor_NUM1:
0121   10F4           00323     BCF     Select, RS
0122   3010           00324     MOVLW   0x10
0123   207C           00325     CALL    send
0124   0BE4           00326     DECFSZ  WORK_REG_A, F
0125   2921           00327     GOTO    Move_Cursor_NUM1
0126   0008           00328     RETURN
                      00329 
0127                  00330 Display_NUM2_Header:
0127   20A7           00331     CALL    Clear_LCD
0128   14F4           00332     BSF     Select, RS
0129   304E           00333     MOVLW   'N'
012A   207C           00334     CALL    send
012B   3075           00335     MOVLW   'u'
012C   207C           00336     CALL    send
012D   306D           00337     MOVLW   'm'
012E   207C           00338     CALL    send
012F   3062           00339     MOVLW   'b'
0130   207C           00340     CALL    send
0131   3065           00341     MOVLW   'e'
0132   207C           00342     CALL    send
0133   3072           00343     MOVLW   'r'
0134   207C           00344     CALL    send
0135   3020           00345     MOVLW   ' '
0136   207C           00346     CALL    send
0137   3032           00347     MOVLW   '2'
0138   207C           00348     CALL    send
0139   0008           00349     RETURN
                      00350 
013A                  00351 Display_NUM2:
013A   20A7           00352     CALL    Clear_LCD
013B   14F4           00353     BSF     Select, RS
013C   304E           00354     MOVLW   'N'
013D   207C           00355     CALL    send
013E   3075           00356     MOVLW   'u'
013F   207C           00357     CALL    send
0140   306D           00358     MOVLW   'm'
0141   207C           00359     CALL    send
0142   3062           00360     MOVLW   'b'
0143   207C           00361     CALL    send
0144   3065           00362     MOVLW   'e'
0145   207C           00363     CALL    send
MPASM  5.43                        MASTER.ASM   7-6-2025  19:43:02         PAGE 10


LOC  OBJECT CODE     LINE SOURCE TEXT
  VALUE

0146   3072           00364     MOVLW   'r'
0147   207C           00365     CALL    send
0148   3020           00366     MOVLW   ' '
0149   207C           00367     CALL    send
014A   3032           00368     MOVLW   '2'
014B   207C           00369     CALL    send
014C   10F4           00370     BCF     Select, RS
014D   30C0           00371     MOVLW   0xC0
014E   207C           00372     CALL    send
014F   14F4           00373     BSF     Select, RS
0150   082E           00374     MOVF    NUM2_INT+0, W
0151   3E30           00375     ADDLW   '0'
0152   207C           00376     CALL    send
0153   082F           00377     MOVF    NUM2_INT+1, W
0154   3E30           00378     ADDLW   '0'
0155   207C           00379     CALL    send
0156   0830           00380     MOVF    NUM2_INT+2, W
0157   3E30           00381     ADDLW   '0'
0158   207C           00382     CALL    send
0159   0831           00383     MOVF    NUM2_INT+3, W
015A   3E30           00384     ADDLW   '0'
015B   207C           00385     CALL    send
015C   0832           00386     MOVF    NUM2_INT+4, W
015D   3E30           00387     ADDLW   '0'
015E   207C           00388     CALL    send
015F   0833           00389     MOVF    NUM2_INT+5, W
0160   3E30           00390     ADDLW   '0'
0161   207C           00391     CALL    send
0162   302E           00392     MOVLW   '.'
0163   207C           00393     CALL    send
0164   0834           00394     MOVF    NUM2_FRAC+0, W
0165   3E30           00395     ADDLW   '0'
0166   207C           00396     CALL    send
0167   0835           00397     MOVF    NUM2_FRAC+1, W
0168   3E30           00398     ADDLW   '0'
0169   207C           00399     CALL    send
016A   0836           00400     MOVF    NUM2_FRAC+2, W
016B   3E30           00401     ADDLW   '0'
016C   207C           00402     CALL    send
016D   0837           00403     MOVF    NUM2_FRAC+3, W
016E   3E30           00404     ADDLW   '0'
016F   207C           00405     CALL    send
0170   0838           00406     MOVF    NUM2_FRAC+4, W
0171   3E30           00407     ADDLW   '0'
0172   207C           00408     CALL    send
0173   0839           00409     MOVF    NUM2_FRAC+5, W
0174   3E30           00410     ADDLW   '0'
0175   207C           00411     CALL    send
0176   10F4           00412     BCF     Select, RS
0177   300C           00413     MOVLW   0x0C
0178   207C           00414     CALL    send
0179   300E           00415     MOVLW   0x0E
017A   207C           00416     CALL    send
MPASM  5.43                        MASTER.ASM   7-6-2025  19:43:02         PAGE 11


LOC  OBJECT CODE     LINE SOURCE TEXT
  VALUE

017B   085E           00417     MOVF    CURSOR_POS, W
017C   3C0D           00418     SUBLW   0x0D
017D   00E4           00419     MOVWF   WORK_REG_A
017E   085E           00420     MOVF    CURSOR_POS, W
017F   3C05           00421     SUBLW   5
0180   1C03           00422     BTFSS   STATUS, C
0181   03E4           00423     DECF    WORK_REG_A, F
0182                  00424 Move_Cursor_NUM2:
0182   10F4           00425     BCF     Select, RS
0183   3010           00426     MOVLW   0x10
0184   207C           00427     CALL    send
0185   0BE4           00428     DECFSZ  WORK_REG_A, F
0186   2982           00429     GOTO    Move_Cursor_NUM2
0187   0008           00430     RETURN
                      00431 
0188                  00432 Show_Result:
0188   20A7           00433     CALL    Clear_LCD
0189   14F4           00434     BSF     Select, RS
018A   3052           00435     MOVLW   'R'
018B   207C           00436     CALL    send
018C   3065           00437     MOVLW   'e'
018D   207C           00438     CALL    send
018E   3073           00439     MOVLW   's'
018F   207C           00440     CALL    send
0190   3075           00441     MOVLW   'u'
0191   207C           00442     CALL    send
0192   306C           00443     MOVLW   'l'
0193   207C           00444     CALL    send
0194   3074           00445     MOVLW   't'
0195   207C           00446     CALL    send
0196   10F4           00447     BCF     Select, RS
0197   30C0           00448     MOVLW   0xC0
0198   207C           00449     CALL    send
0199   14F4           00450     BSF     Select, RS
019A   083A           00451     MOVF    CALC_RESULT+0, W
019B   3E30           00452     ADDLW   '0'
019C   207C           00453     CALL    send
019D   083B           00454     MOVF    CALC_RESULT+1, W
019E   3E30           00455     ADDLW   '0'
019F   207C           00456     CALL    send
01A0   083C           00457     MOVF    CALC_RESULT+2, W
01A1   3E30           00458     ADDLW   '0'
01A2   207C           00459     CALL    send
01A3   083D           00460     MOVF    CALC_RESULT+3, W
01A4   3E30           00461     ADDLW   '0'
01A5   207C           00462     CALL    send
01A6   083E           00463     MOVF    CALC_RESULT+4, W
01A7   3E30           00464     ADDLW   '0'
01A8   207C           00465     CALL    send
01A9   083F           00466     MOVF    CALC_RESULT+5, W
01AA   3E30           00467     ADDLW   '0'
01AB   207C           00468     CALL    send
01AC   302E           00469     MOVLW   '.'
MPASM  5.43                        MASTER.ASM   7-6-2025  19:43:02         PAGE 12


LOC  OBJECT CODE     LINE SOURCE TEXT
  VALUE

01AD   207C           00470     CALL    send
01AE   0840           00471     MOVF    CALC_RESULT+6, W
01AF   3E30           00472     ADDLW   '0'
01B0   207C           00473     CALL    send
01B1   0841           00474     MOVF    CALC_RESULT+7, W
01B2   3E30           00475     ADDLW   '0'
01B3   207C           00476     CALL    send
01B4   0842           00477     MOVF    CALC_RESULT+8, W
01B5   3E30           00478     ADDLW   '0'
01B6   207C           00479     CALL    send
01B7   0843           00480     MOVF    CALC_RESULT+9, W
01B8   3E30           00481     ADDLW   '0'
01B9   207C           00482     CALL    send
01BA   0844           00483     MOVF    CALC_RESULT+0x0A, W
01BB   3E30           00484     ADDLW   '0'
01BC   207C           00485     CALL    send
01BD   0845           00486     MOVF    CALC_RESULT+0x0B, W
01BE   3E30           00487     ADDLW   '0'
01BF   207C           00488     CALL    send
01C0   0008           00489     RETURN
                      00490 
01C1                  00491 Show_NUM1_Final:
01C1   20A7           00492     CALL    Clear_LCD
01C2   14F4           00493     BSF     Select, RS
01C3   0822           00494     MOVF    NUM1_INT+0, W
01C4   3E30           00495     ADDLW   '0'
01C5   207C           00496     CALL    send
01C6   0823           00497     MOVF    NUM1_INT+1, W
01C7   3E30           00498     ADDLW   '0'
01C8   207C           00499     CALL    send
01C9   0824           00500     MOVF    NUM1_INT+2, W
01CA   3E30           00501     ADDLW   '0'
01CB   207C           00502     CALL    send
01CC   0825           00503     MOVF    NUM1_INT+3, W
01CD   3E30           00504     ADDLW   '0'
01CE   207C           00505     CALL    send
01CF   0826           00506     MOVF    NUM1_INT+4, W
01D0   3E30           00507     ADDLW   '0'
01D1   207C           00508     CALL    send
01D2   0827           00509     MOVF    NUM1_INT+5, W
01D3   3E30           00510     ADDLW   '0'
01D4   207C           00511     CALL    send
01D5   302E           00512     MOVLW   '.'
01D6   207C           00513     CALL    send
01D7   0828           00514     MOVF    NUM1_FRAC+0, W
01D8   3E30           00515     ADDLW   '0'
01D9   207C           00516     CALL    send
01DA   0829           00517     MOVF    NUM1_FRAC+1, W
01DB   3E30           00518     ADDLW   '0'
01DC   207C           00519     CALL    send
01DD   082A           00520     MOVF    NUM1_FRAC+2, W
01DE   3E30           00521     ADDLW   '0'
01DF   207C           00522     CALL    send
MPASM  5.43                        MASTER.ASM   7-6-2025  19:43:02         PAGE 13


LOC  OBJECT CODE     LINE SOURCE TEXT
  VALUE

01E0   082B           00523     MOVF    NUM1_FRAC+3, W
01E1   3E30           00524     ADDLW   '0'
01E2   207C           00525     CALL    send
01E3   082C           00526     MOVF    NUM1_FRAC+4, W
01E4   3E30           00527     ADDLW   '0'
01E5   207C           00528     CALL    send
01E6   082D           00529     MOVF    NUM1_FRAC+5, W
01E7   3E30           00530     ADDLW   '0'
01E8   207C           00531     CALL    send
01E9   0008           00532     RETURN
                      00533 
01EA                  00534 Show_NUM2_Final:
01EA   20A7           00535     CALL    Clear_LCD
01EB   14F4           00536     BSF     Select, RS
01EC   082E           00537     MOVF    NUM2_INT+0, W
01ED   3E30           00538     ADDLW   '0'
01EE   207C           00539     CALL    send
01EF   082F           00540     MOVF    NUM2_INT+1, W
01F0   3E30           00541     ADDLW   '0'
01F1   207C           00542     CALL    send
01F2   0830           00543     MOVF    NUM2_INT+2, W
01F3   3E30           00544     ADDLW   '0'
01F4   207C           00545     CALL    send
01F5   0831           00546     MOVF    NUM2_INT+3, W
01F6   3E30           00547     ADDLW   '0'
01F7   207C           00548     CALL    send
01F8   0832           00549     MOVF    NUM2_INT+4, W
01F9   3E30           00550     ADDLW   '0'
01FA   207C           00551     CALL    send
01FB   0833           00552     MOVF    NUM2_INT+5, W
01FC   3E30           00553     ADDLW   '0'
01FD   207C           00554     CALL    send
01FE   302E           00555     MOVLW   '.'
01FF   207C           00556     CALL    send
0200   0834           00557     MOVF    NUM2_FRAC+0, W
0201   3E30           00558     ADDLW   '0'
0202   207C           00559     CALL    send
0203   0835           00560     MOVF    NUM2_FRAC+1, W
0204   3E30           00561     ADDLW   '0'
0205   207C           00562     CALL    send
0206   0836           00563     MOVF    NUM2_FRAC+2, W
0207   3E30           00564     ADDLW   '0'
0208   207C           00565     CALL    send
0209   0837           00566     MOVF    NUM2_FRAC+3, W
020A   3E30           00567     ADDLW   '0'
020B   207C           00568     CALL    send
020C   0838           00569     MOVF    NUM2_FRAC+4, W
020D   3E30           00570     ADDLW   '0'
020E   207C           00571     CALL    send
020F   0839           00572     MOVF    NUM2_FRAC+5, W
0210   3E30           00573     ADDLW   '0'
0211   207C           00574     CALL    send
0212   0008           00575     RETURN
MPASM  5.43                        MASTER.ASM   7-6-2025  19:43:02         PAGE 14


LOC  OBJECT CODE     LINE SOURCE TEXT
  VALUE

                      00576 
0213                  00577 Show_Equals:
0213   20A7           00578     CALL    Clear_LCD
0214   300C           00579     MOVLW   0x0C
0215   10F4           00580     BCF     Select, RS
0216   207C           00581     CALL    send
0217   14F4           00582     BSF     Select, RS
0218   303D           00583     MOVLW   0x3D
0219   207C           00584     CALL    send
021A   0008           00585     RETURN
                      00586 
                      00587 ;==============================================================================
                      00588 ; INITIALIZATION ROUTINE
                      00589 ;==============================================================================
021B                  00590 Init_System:
                      00591     ; Configure PORTB
021B   1303           00592     BCF     STATUS, RP1     ; Bank 0
021C   1683           00593     BSF     STATUS, RP0     ; Bank 1
Message[302]: Register in operand not in bank 0.  Ensure that bank bits are correct.
021D   1406           00594     BSF     TRISB, 0        ; RB0 as input for push button
Message[302]: Register in operand not in bank 0.  Ensure that bank bits are correct.
021E   1686           00595     BSF     TRISB, 5        ; RB5 for ACK
Message[302]: Register in operand not in bank 0.  Ensure that bank bits are correct.
021F   1506           00596     BSF     TRISB, 2        ; RB2 as input for co-proc interrupt
Message[302]: Register in operand not in bank 0.  Ensure that bank bits are correct.
0220   1086           00597     BCF     TRISB, 1        ; RB1 as output for co-proc ACK
                      00598 
                      00599     ; Configure PORTD & PORTC
Message[302]: Register in operand not in bank 0.  Ensure that bank bits are correct.
0221   0188           00600     CLRF    TRISD           ; PORTD as output for LCD
Message[302]: Register in operand not in bank 0.  Ensure that bank bits are correct.
0222   1588           00601     BSF     TRISD, 3        ; Preserved from original
0223   3000           00602     MOVLW   0x00
Message[302]: Register in operand not in bank 0.  Ensure that bank bits are correct.
0224   0087           00603     MOVWF   TRISC           ; PORTC as output initially
                      00604 
                      00605     ; Initialize Timer1
0225   1683           00606     BSF     STATUS, RP0     ; Bank 1
Message[302]: Register in operand not in bank 0.  Ensure that bank bits are correct.
0226   100C           00607     BCF     PIE1, TMR1IE    ; Disable Timer1 interrupt
0227   1283           00608     BCF     STATUS, RP0     ; Bank 0
0228   3000           00609     MOVLW   B'00000000'
0229   0090           00610     MOVWF   T1CON
022A   100C           00611     BCF     PIR1, TMR1IF
                      00612 
                      00613     ; Configure Timer0
022B   1283           00614     BCF     STATUS, RP0
022C   30D8           00615     MOVLW   0xD8
022D   0081           00616     MOVWF   TMR0
022E   0188           00617     CLRF    PORTD
022F   0187           00618     CLRF    PORTC
                      00619 
                      00620     ; Clear GPRs (0x20 to 0x59)
MPASM  5.43                        MASTER.ASM   7-6-2025  19:43:02         PAGE 15


LOC  OBJECT CODE     LINE SOURCE TEXT
  VALUE

0230   3020           00621     MOVLW   0x20
0231   0084           00622     MOVWF   FSR
0232                  00623 Clear_GPRs:
0232   0180           00624     CLRF    INDF
0233   0A84           00625     INCF    FSR, F
0234   305A           00626     MOVLW   0x5A
0235   0204           00627     SUBWF   FSR, W
0236   1D03           00628     BTFSS   STATUS, Z
0237   2A32           00629     GOTO    Clear_GPRs
                      00630 
                      00631     ; Initialize state
0238   3000           00632     MOVLW   STATE_INIT
0239   00A0           00633     MOVWF   CALC_STATE
                      00634 
                      00635     ; Initialize LCD
023A   208C           00636     CALL    inid
023B   20A7           00637     CALL    Clear_LCD
023C   0008           00638     RETURN
                      00639 
                      00640 ;==============================================================================
                      00641 ; STATE HANDLER ROUTINES
                      00642 ;==============================================================================
023D                  00643 Boot_Sequence:
023D   20A7           00644     CALL    Clear_LCD
023E   20AF           00645     CALL    Show_Welcome
023F   200B           00646     CALL    Pause_500ms
0240   20A7           00647     CALL    Clear_LCD
0241   20AF           00648     CALL    Show_Welcome
0242   200B           00649     CALL    Pause_500ms
0243   20A7           00650     CALL    Clear_LCD
0244   20AF           00651     CALL    Show_Welcome
0245   200B           00652     CALL    Pause_500ms
0246   0008           00653     RETURN
                      00654 
0247                  00655 Handle_NUM1_Input:
0247   085E           00656     MOVF    CURSOR_POS, W
0248   00DF           00657     MOVWF   LAST_CURSOR
0249   30FF           00658     MOVLW   0xFF
024A   00E6           00659     MOVWF   INPUT_TIMER
024B   20D9           00660     CALL    Display_NUM1
024C   160B           00661     BSF     INTCON, INTE
024D   178B           00662     BSF     INTCON, GIE
024E   170B           00663     BSF     INTCON, PEIE
024F                  00664 NUM1_Input_Loop:
024F   2005           00665     CALL    Pause_1ms
0250   2005           00666     CALL    Pause_1ms
0251   2005           00667     CALL    Pause_1ms
0252   2005           00668     CALL    Pause_1ms
0253   178B           00669     BSF     INTCON, GIE
0254   160B           00670     BSF     INTCON, INTE
0255   085E           00671     MOVF    CURSOR_POS, W
0256   065F           00672     XORWF   LAST_CURSOR, W
0257   1D03           00673     BTFSS   STATUS, Z
MPASM  5.43                        MASTER.ASM   7-6-2025  19:43:02         PAGE 16


LOC  OBJECT CODE     LINE SOURCE TEXT
  VALUE

0258   2A5C           00674     GOTO    Check_NUM1_Cursor
0259   0BE6           00675     DECFSZ  INPUT_TIMER, F
025A   2A4F           00676     GOTO    NUM1_Input_Loop
025B   2A63           00677     GOTO    Exit_NUM1_Input
025C                  00678 Check_NUM1_Cursor:
025C   085E           00679     MOVF    CURSOR_POS, W
025D   3A06           00680     XORLW   0x06
025E   1903           00681     BTFSC   STATUS, Z
025F   2A61           00682     GOTO    Continue_NUM1_Loop
0260   2A63           00683     GOTO    Exit_NUM1_Input
0261                  00684 Continue_NUM1_Loop:
0261   0BE6           00685     DECFSZ  INPUT_TIMER, F
0262   2A4F           00686     GOTO    NUM1_Input_Loop
0263                  00687 Exit_NUM1_Input:
0263   108B           00688     BCF     INTCON, INTF
0264   110B           00689     BCF     INTCON, TMR0IF
0265   0ADE           00690     INCF    CURSOR_POS, F
0266   085E           00691     MOVF    CURSOR_POS, W
0267   3C0B           00692     SUBLW   0x0B
0268   1803           00693     BTFSC   STATUS, C
0269   2A47           00694     GOTO    Handle_NUM1_Input
026A   0008           00695     RETURN
                      00696 
026B                  00697 Handle_NUM2_Input:
026B   085E           00698     MOVF    CURSOR_POS, W
026C   00DF           00699     MOVWF   LAST_CURSOR
026D   30FF           00700     MOVLW   0xFF
026E   00E6           00701     MOVWF   INPUT_TIMER
026F   213A           00702     CALL    Display_NUM2
0270   160B           00703     BSF     INTCON, INTE
0271   178B           00704     BSF     INTCON, GIE
0272   170B           00705     BSF     INTCON, PEIE
0273                  00706 NUM2_Input_Loop:
0273   2005           00707     CALL    Pause_1ms
0274   2005           00708     CALL    Pause_1ms
0275   2005           00709     CALL    Pause_1ms
0276   2005           00710     CALL    Pause_1ms
0277   178B           00711     BSF     INTCON, GIE
0278   160B           00712     BSF     INTCON, INTE
0279   085E           00713     MOVF    CURSOR_POS, W
027A   065F           00714     XORWF   LAST_CURSOR, W
027B   1D03           00715     BTFSS   STATUS, Z
027C   2A80           00716     GOTO    Check_NUM2_Cursor
027D   0BE6           00717     DECFSZ  INPUT_TIMER, F
027E   2A73           00718     GOTO    NUM2_Input_Loop
027F   2A87           00719     GOTO    Exit_NUM2_Input
0280                  00720 Check_NUM2_Cursor:
0280   085E           00721     MOVF    CURSOR_POS, W
0281   3A06           00722     XORLW   0x06
0282   1903           00723     BTFSC   STATUS, Z
0283   2A85           00724     GOTO    Continue_NUM2_Loop
0284   2A87           00725     GOTO    Exit_NUM2_Input
0285                  00726 Continue_NUM2_Loop:
MPASM  5.43                        MASTER.ASM   7-6-2025  19:43:02         PAGE 17


LOC  OBJECT CODE     LINE SOURCE TEXT
  VALUE

0285   0BE6           00727     DECFSZ  INPUT_TIMER, F
0286   2A73           00728     GOTO    NUM2_Input_Loop
0287                  00729 Exit_NUM2_Input:
0287   108B           00730     BCF     INTCON, INTF
0288   110B           00731     BCF     INTCON, TMR0IF
0289   0ADE           00732     INCF    CURSOR_POS, F
028A   085E           00733     MOVF    CURSOR_POS, W
028B   3C0B           00734     SUBLW   0x0B
028C   1803           00735     BTFSC   STATUS, C
028D   2A6B           00736     GOTO    Handle_NUM2_Input
028E   0008           00737     RETURN
                      00738 
028F                  00739 Switch_To_Result_Mode:
028F   3005           00740     MOVLW   STATE_DISP_RESULT
0290   00A0           00741     MOVWF   CALC_STATE
0291   2188           00742     CALL    Show_Result
0292   01DE           00743     CLRF    CURSOR_POS
0293   01DF           00744     CLRF    LAST_CURSOR
0294                  00745 Result_Mode_Loop:
0294   160B           00746     BSF     INTCON, INTE
0295   178B           00747     BSF     INTCON, GIE
0296   170B           00748     BSF     INTCON, PEIE
0297   3005           00749     MOVLW   STATE_DISP_RESULT
0298   00A0           00750     MOVWF   CALC_STATE
0299   085E           00751     MOVF    CURSOR_POS, W
029A   065F           00752     XORWF   LAST_CURSOR, W
029B   1D03           00753     BTFSS   STATUS, Z
029C   2A9E           00754     GOTO    Update_Result_Screen
029D   2A94           00755     GOTO    Result_Mode_Loop
                      00756 
029E                  00757 Update_Result_Screen:
029E   085E           00758     MOVF    CURSOR_POS, W
029F   00DF           00759     MOVWF   LAST_CURSOR
02A0   0860           00760     MOVF    DOUBLE_TAP_FLAG, W
02A1   3C01           00761     SUBLW   0x01
02A2   1903           00762     BTFSC   STATUS, Z
02A3   2B31           00763     GOTO    Main_Event_Loop
02A4   085E           00764     MOVF    CURSOR_POS, W
02A5   1903           00765     BTFSC   STATUS, Z
02A6   2188           00766     CALL    Show_Result
02A7   085E           00767     MOVF    CURSOR_POS, W
02A8   3C01           00768     SUBLW   0x01
02A9   1903           00769     BTFSC   STATUS, Z
02AA   21C1           00770     CALL    Show_NUM1_Final
02AB   085E           00771     MOVF    CURSOR_POS, W
02AC   3C02           00772     SUBLW   0x02
02AD   1903           00773     BTFSC   STATUS, Z
02AE   21EA           00774     CALL    Show_NUM2_Final
02AF   2A94           00775     GOTO    Result_Mode_Loop
                      00776 
                      00777 ;==============================================================================
                      00778 ; INTERRUPT SERVICE ROUTINE (ISR)
                      00779 ;==============================================================================
MPASM  5.43                        MASTER.ASM   7-6-2025  19:43:02         PAGE 18


LOC  OBJECT CODE     LINE SOURCE TEXT
  VALUE

02B0                  00780 ISR_Service:
02B0   00E1           00781     MOVWF   ISR_W_TEMP
02B1   0E03           00782     SWAPF   STATUS, W
02B2   00E2           00783     MOVWF   ISR_STAT_TEMP
                      00784 
                      00785     ; Disable interrupts
02B3   138B           00786     BCF     INTCON, GIE
02B4   120B           00787     BCF     INTCON, INTE
02B5   128B           00788     BCF     INTCON, T0IE
02B6   108B           00789     BCF     INTCON, INTF
02B7   110B           00790     BCF     INTCON, TMR0IF
                      00791 
                      00792     ; Check result display mode
02B8   0820           00793     MOVF    CALC_STATE, W
02B9   3C05           00794     SUBLW   STATE_DISP_RESULT
02BA   1903           00795     BTFSC   STATUS, Z
02BB   2AC4           00796     GOTO    ISR_Result_Mode
                      00797 
                      00798     ; Handle standard input
02BC   2031           00799     CALL    Check_Double_Tap
02BD   0860           00800     MOVF    DOUBLE_TAP_FLAG, W
02BE   1D03           00801     BTFSS   STATUS, Z
02BF   2B08           00802     GOTO    Handle_Double_Tap
02C0   2AD0           00803     GOTO    Handle_Single_Tap
                      00804 
02C1                  00805 Set_DISP_Mode:
02C1   3001           00806     MOVLW   0x01
02C2   00A1           00807     MOVWF   DISP_SCREEN
02C3   0008           00808     RETURN
                      00809 
02C4                  00810 ISR_Result_Mode:
02C4   1283 1303      00811     BANKSEL CURSOR_POS
02C6   2031           00812     CALL    Check_Double_Tap
02C7   0860           00813     MOVF    DOUBLE_TAP_FLAG, W
02C8   1D03           00814     BTFSS   STATUS, Z
02C9   22C1           00815     CALL    Set_DISP_Mode
                      00816     
02CA   0ADE           00817     INCF    CURSOR_POS, F
02CB   085E           00818     MOVF    CURSOR_POS, W
02CC   3C03           00819     SUBLW   0x03
02CD   1903           00820     BTFSC   STATUS, Z
02CE   01DE           00821     CLRF    CURSOR_POS
02CF   2B25           00822     GOTO    ISR_Exit
                      00823 
02D0                  00824 Handle_Single_Tap:
02D0   0821           00825     MOVF    DISP_SCREEN, W
02D1   1903           00826     BTFSC   STATUS, Z
02D2   2AD5           00827     GOTO    Inc_Digit
                      00828 
02D3   01A1           00829     CLRF    DISP_SCREEN
02D4   2B25           00830     GOTO    ISR_Exit
                      00831 
02D5                  00832 Inc_Digit:
MPASM  5.43                        MASTER.ASM   7-6-2025  19:43:02         PAGE 19


LOC  OBJECT CODE     LINE SOURCE TEXT
  VALUE

02D5   0820           00833     MOVF    CALC_STATE, W
02D6   3C01           00834     SUBLW   STATE_NUM1_INPUT
02D7   1903           00835     BTFSC   STATUS, Z
02D8   2ADE           00836     GOTO    Inc_NUM1
                      00837 
02D9   0820           00838     MOVF    CALC_STATE, W
02DA   3C02           00839     SUBLW   STATE_NUM2_INPUT
02DB   1903           00840     BTFSC   STATUS, Z
02DC   2AF3           00841     GOTO    Inc_NUM2
02DD   2B25           00842     GOTO    ISR_Exit
                      00843 
02DE                  00844 Inc_NUM1:
02DE   3022           00845     MOVLW   NUM1_INT
02DF   075E           00846     ADDWF   CURSOR_POS, W
02E0   00E4           00847     MOVWF   WORK_REG_A
02E1   0084           00848     MOVWF   FSR
02E2   3012           00849     MOVLW   12
02E3   0764           00850     ADDWF   WORK_REG_A, W
02E4   00E4           00851     MOVWF   WORK_REG_A
02E5                  00852 Inc_NUM1_Loop:
02E5   0800           00853     MOVF    INDF, W
02E6   3C09           00854     SUBLW   0x09
02E7   1903           00855     BTFSC   STATUS, Z
02E8   2AEB           00856     GOTO    Clear_NUM1_Digit
02E9   0A80           00857     INCF    INDF, F
02EA   2AEC           00858     GOTO    Next_NUM1
02EB                  00859 Clear_NUM1_Digit:
02EB   0180           00860     CLRF    INDF
02EC                  00861 Next_NUM1:
02EC   0A84           00862     INCF    FSR, F
02ED   0804           00863     MOVF    FSR, W
02EE   0264           00864     SUBWF   WORK_REG_A, W
02EF   1D03           00865     BTFSS   STATUS, Z
02F0   2AE5           00866     GOTO    Inc_NUM1_Loop
02F1   20D9           00867     CALL    Display_NUM1
02F2   2B25           00868     GOTO    ISR_Exit
                      00869 
02F3                  00870 Inc_NUM2:
02F3   302E           00871     MOVLW   NUM2_INT
02F4   075E           00872     ADDWF   CURSOR_POS, W
02F5   00E4           00873     MOVWF   WORK_REG_A
02F6   0084           00874     MOVWF   FSR
02F7   3012           00875     MOVLW   12
02F8   0764           00876     ADDWF   WORK_REG_A, W
02F9   00E4           00877     MOVWF   WORK_REG_A
02FA                  00878 Inc_NUM2_Loop:
02FA   0800           00879     MOVF    INDF, W
02FB   3C09           00880     SUBLW   0x09
02FC   1903           00881     BTFSC   STATUS, Z
02FD   2B00           00882     GOTO    Clear_NUM2_Digit
02FE   0A80           00883     INCF    INDF, F
02FF   2B01           00884     GOTO    Next_NUM2
0300                  00885 Clear_NUM2_Digit:
MPASM  5.43                        MASTER.ASM   7-6-2025  19:43:02         PAGE 20


LOC  OBJECT CODE     LINE SOURCE TEXT
  VALUE

0300   0180           00886     CLRF    INDF
0301                  00887 Next_NUM2:
0301   0A84           00888     INCF    FSR, F
0302   0804           00889     MOVF    FSR, W
0303   0264           00890     SUBWF   WORK_REG_A, W
0304   1D03           00891     BTFSS   STATUS, Z
0305   2AFA           00892     GOTO    Inc_NUM2_Loop
0306   213A           00893     CALL    Display_NUM2
0307   2B25           00894     GOTO    ISR_Exit
                      00895 
0308                  00896 Handle_Double_Tap:
0308   085E           00897     MOVF    CURSOR_POS, W
0309   3C05           00898     SUBLW   0x05
030A   1803           00899     BTFSC   STATUS, C
030B   2B0D           00900     GOTO    Cursor_To_Frac
030C   2B1A           00901     GOTO    Cursor_To_Confirm
                      00902 
030D                  00903 Cursor_To_Frac:
030D   3006           00904     MOVLW   0x06
030E   00DE           00905     MOVWF   CURSOR_POS
030F   0820           00906     MOVF    CALC_STATE, W
0310   3C01           00907     SUBLW   STATE_NUM1_INPUT
0311   1903           00908     BTFSC   STATUS, Z
0312   20D9           00909     CALL    Display_NUM1
0313   0820           00910     MOVF    CALC_STATE, W
0314   3C02           00911     SUBLW   STATE_NUM2_INPUT
0315   1903           00912     BTFSC   STATUS, Z
0316   213A           00913     CALL    Display_NUM2
0317   3001           00914     MOVLW   0x01
0318   00A1           00915     MOVWF   DISP_SCREEN
0319   2B25           00916     GOTO    ISR_Exit
                      00917 
031A                  00918 Cursor_To_Confirm:
031A   300C           00919     MOVLW   0x0C
031B   00DE           00920     MOVWF   CURSOR_POS
031C   0820           00921     MOVF    CALC_STATE, W
031D   3C01           00922     SUBLW   STATE_NUM1_INPUT
031E   1903           00923     BTFSC   STATUS, Z
031F   20D9           00924     CALL    Display_NUM1
0320   0820           00925     MOVF    CALC_STATE, W
0321   3C02           00926     SUBLW   STATE_NUM2_INPUT
0322   1903           00927     BTFSC   STATUS, Z
0323   213A           00928     CALL    Display_NUM2
0324   2B25           00929     GOTO    ISR_Exit
                      00930 
0325                  00931 ISR_Exit:
0325   2005           00932     CALL    Pause_1ms
0326   2005           00933     CALL    Pause_1ms
0327   2005           00934     CALL    Pause_1ms
                      00935 
0328   30FF           00936     MOVLW   0xFF
0329   00E6           00937     MOVWF   INPUT_TIMER
                      00938 
MPASM  5.43                        MASTER.ASM   7-6-2025  19:43:02         PAGE 21


LOC  OBJECT CODE     LINE SOURCE TEXT
  VALUE

                      00939     ; Preserved redundant block
032A   00E1           00940     MOVWF   ISR_W_TEMP
032B   0E03           00941     SWAPF   STATUS, W
032C   00E2           00942     MOVWF   ISR_STAT_TEMP
                      00943     
032D   0009           00944     RETFIE
                      00945 
                      00946 ;==============================================================================
                      00947 ; MAIN PROGRAM FLOW
                      00948 ;==============================================================================
032E                  00949 Main_Entry:
032E   221B           00950     CALL    Init_System
032F   223D           00951     CALL    Boot_Sequence
0330   20A7           00952     CALL    Clear_LCD
                      00953 
0331                  00954 Main_Event_Loop:
0331   221B           00955     CALL    Init_System
0332   201A           00956     CALL    Pause_2s
0333   3001           00957     MOVLW   STATE_NUM1_INPUT
0334   00A0           00958     MOVWF   CALC_STATE
0335   30FF           00959     MOVLW   0xFF
0336   00E6           00960     MOVWF   INPUT_TIMER
                      00961 
0337   2247           00962     CALL    Handle_NUM1_Input
                      00963 
0338   108B           00964     BCF     INTCON, INTF
0339   110B           00965     BCF     INTCON, TMR0IF
                      00966 
033A   3002           00967     MOVLW   STATE_NUM2_INPUT
033B   00A0           00968     MOVWF   CALC_STATE
033C   01DE           00969     CLRF    CURSOR_POS
033D   108B           00970     BCF     INTCON, INTF
033E   110B           00971     BCF     INTCON, TMR0IF
                      00972 
033F   201F           00973     CALL    Reset_NUM2_Buffer
0340   2127           00974     CALL    Display_NUM2_Header
0341   200B           00975     CALL    Pause_500ms
0342   200B           00976     CALL    Pause_500ms
0343   30FF           00977     MOVLW   0xFF
0344   00E6           00978     MOVWF   INPUT_TIMER
0345   226B           00979     CALL    Handle_NUM2_Input
                      00980 
0346   108B           00981     BCF     INTCON, INTF
0347   110B           00982     BCF     INTCON, TMR0IF
                      00983 
0348   2213           00984     CALL    Show_Equals
0349   3003           00985     MOVLW   STATE_SEND_DATA
034A   00A0           00986     MOVWF   CALC_STATE
034B   2040           00987     CALL    Transmit_To_CoProc
                      00988 
034C   2028           00989     CALL    Reset_Result_Buffer
034D   3004           00990     MOVLW   STATE_RECV_DATA
034E   00A0           00991     MOVWF   CALC_STATE
MPASM  5.43                        MASTER.ASM   7-6-2025  19:43:02         PAGE 22


LOC  OBJECT CODE     LINE SOURCE TEXT
  VALUE

034F   2854           00992     GOTO    Receive_From_CoProc
0350   2B4F           00993     GOTO    $-1
                      00994 
                      00995     END
MPASM  5.43                        MASTER.ASM   7-6-2025  19:43:02         PAGE 23


SYMBOL TABLE
  LABEL                             VALUE 

ACKDT                             00000005
ACKEN                             00000004
ACKSTAT                           00000006
ADCON0                            0000001F
ADCON1                            0000009F
ADCS0                             00000006
ADCS1                             00000007
ADDEN                             00000003
ADFM                              00000007
ADIE                              00000006
ADIF                              00000006
ADON                              00000000
ADRESH                            0000001E
ADRESL                            0000009E
BCLIE                             00000003
BCLIF                             00000003
BF                                00000000
BRGH                              00000002
Boot_Sequence                     0000023D
C                                 00000000
C1INV                             00000004
C1OUT                             00000006
C2INV                             00000005
C2OUT                             00000007
CALC_RESULT                       0000003A
CALC_STATE                        00000020
CCP1CON                           00000017
CCP1IE                            00000002
CCP1IF                            00000002
CCP1M0                            00000000
CCP1M1                            00000001
CCP1M2                            00000002
CCP1M3                            00000003
CCP1X                             00000005
CCP1Y                             00000004
CCP2CON                           0000001D
CCP2IE                            00000000
CCP2IF                            00000000
CCP2M0                            00000000
CCP2M1                            00000001
CCP2M2                            00000002
CCP2M3                            00000003
CCP2X                             00000005
CCP2Y                             00000004
CCPR1H                            00000016
CCPR1L                            00000015
CCPR2H                            0000001C
CCPR2L                            0000001B
CHS0                              00000003
CHS1                              00000004
CHS2                              00000005
CIS                               00000003
CKE                               00000006
MPASM  5.43                        MASTER.ASM   7-6-2025  19:43:02         PAGE 24


SYMBOL TABLE
  LABEL                             VALUE 

CKP                               00000004
CM0                               00000000
CM1                               00000001
CM2                               00000002
CMCON                             0000009C
CMIE                              00000006
CMIF                              00000006
CREN                              00000004
CSRC                              00000007
CURSOR_POS                        0000005E
CVR0                              00000000
CVR1                              00000001
CVR2                              00000002
CVR3                              00000003
CVRCON                            0000009D
CVREN                             00000007
CVROE                             00000006
CVRR                              00000005
Check_Double_Tap                  00000031
Check_NUM1_Cursor                 0000025C
Check_NUM2_Cursor                 00000280
Check_Tap_Loop                    00000036
Clear_GPRs                        00000232
Clear_LCD                         000000A7
Clear_NUM1_Digit                  000002EB
Clear_NUM2_Digit                  00000300
Continue_NUM1_Loop                00000261
Continue_NUM2_Loop                00000285
Cursor_To_Confirm                 0000031A
Cursor_To_Frac                    0000030D
D                                 00000005
DATA_ADDRESS                      00000005
DC                                00000001
DISP_SCREEN                       00000021
DOUBLE_TAP_FLAG                   00000060
D_A                               00000005
Display_NUM1                      000000D9
Display_NUM2                      0000013A
Display_NUM2_Header               00000127
E                                 00000002
EEADR                             0000010D
EEADRH                            0000010F
EECON1                            0000018C
EECON2                            0000018D
EEDATA                            0000010C
EEDATH                            0000010E
EEIE                              00000004
EEIF                              00000004
EEPGD                             00000007
Exit_NUM1_Input                   00000263
Exit_NUM2_Input                   00000287
F                                 00000001
FERR                              00000002
MPASM  5.43                        MASTER.ASM   7-6-2025  19:43:02         PAGE 25


SYMBOL TABLE
  LABEL                             VALUE 

FSR                               00000004
GCEN                              00000007
GIE                               00000007
GO                                00000002
GO_DONE                           00000002
Handle_Double_Tap                 00000308
Handle_NUM1_Input                 00000247
Handle_NUM2_Input                 0000026B
Handle_Single_Tap                 000002D0
I2C_DATA                          00000005
I2C_READ                          00000002
I2C_START                         00000003
I2C_STOP                          00000004
IBF                               00000007
IBOV                              00000005
INDF                              00000000
INPUT_TIMER                       00000066
INTCON                            0000000B
INTE                              00000004
INTEDG                            00000006
INTF                              00000001
IRP                               00000007
ISR_Exit                          00000325
ISR_Result_Mode                   000002C4
ISR_STAT_TEMP                     00000062
ISR_Service                       000002B0
ISR_W_TEMP                        00000061
Inc_Digit                         000002D5
Inc_NUM1                          000002DE
Inc_NUM1_Loop                     000002E5
Inc_NUM2                          000002F3
Inc_NUM2_Loop                     000002FA
Init_System                       0000021B
LAST_CURSOR                       0000005F
Main_Entry                        0000032E
Main_Event_Loop                   00000331
Move_Cursor_NUM1                  00000121
Move_Cursor_NUM2                  00000182
NOT_A                             00000005
NOT_ADDRESS                       00000005
NOT_BO                            00000000
NOT_BOR                           00000000
NOT_DONE                          00000002
NOT_PD                            00000003
NOT_POR                           00000001
NOT_RBPU                          00000007
NOT_RC8                           00000006
NOT_T1SYNC                        00000002
NOT_TO                            00000004
NOT_TX8                           00000006
NOT_W                             00000002
NOT_WRITE                         00000002
NUM1_FRAC                         00000028
MPASM  5.43                        MASTER.ASM   7-6-2025  19:43:02         PAGE 26


SYMBOL TABLE
  LABEL                             VALUE 

NUM1_INT                          00000022
NUM1_Input_Loop                   0000024F
NUM2_FRAC                         00000034
NUM2_INT                          0000002E
NUM2_Input_Loop                   00000273
Next_NUM1                         000002EC
Next_NUM2                         00000301
OBF                               00000006
OERR                              00000001
OPTION_REG                        00000081
OutCod                            00000075
P                                 00000004
PCFG0                             00000000
PCFG1                             00000001
PCFG2                             00000002
PCFG3                             00000003
PCL                               00000002
PCLATH                            0000000A
PCON                              0000008E
PEIE                              00000006
PEN                               00000002
PIE1                              0000008C
PIE2                              0000008D
PIR1                              0000000C
PIR2                              0000000D
PORTA                             00000005
PORTB                             00000006
PORTC                             00000007
PORTD                             00000008
PORTE                             00000009
PR2                               00000092
PS0                               00000000
PS1                               00000001
PS2                               00000002
PSA                               00000003
PSPIE                             00000007
PSPIF                             00000007
PSPMODE                           00000004
Pause1ms_Loop                     00000007
Pause500ms_L1                     00000013
Pause500ms_L2                     00000015
Pause500ms_L3                     00000017
Pause_1ms                         00000005
Pause_2s                          0000001A
Pause_500ms                       0000000B
Point                             00000073
R                                 00000002
RBIE                              00000003
RBIF                              00000000
RC8_9                             00000006
RC9                               00000006
RCD8                              00000000
RCEN                              00000003
MPASM  5.43                        MASTER.ASM   7-6-2025  19:43:02         PAGE 27


SYMBOL TABLE
  LABEL                             VALUE 

RCIE                              00000005
RCIF                              00000005
RCREG                             0000001A
RCSTA                             00000018
RD                                00000000
READ_WRITE                        00000002
RP0                               00000005
RP1                               00000006
RS                                00000001
RSEN                              00000001
RX9                               00000006
RX9D                              00000000
R_W                               00000002
Receive_From_CoProc               00000054
Recv_Loop                         0000005D
Reset_NUM2_Buffer                 0000001F
Reset_NUM2_Loop                   00000023
Reset_Result_Buffer               00000028
Reset_Result_Loop                 0000002C
Result_Mode_Loop                  00000294
S                                 00000003
SEN                               00000000
SMP                               00000007
SPBRG                             00000099
SPEN                              00000007
SREN                              00000005
SSPADD                            00000093
SSPBUF                            00000013
SSPCON                            00000014
SSPCON2                           00000091
SSPEN                             00000005
SSPIE                             00000003
SSPIF                             00000003
SSPM0                             00000000
SSPM1                             00000001
SSPM2                             00000002
SSPM3                             00000003
SSPOV                             00000006
SSPSTAT                           00000094
STATE_DISP_RESULT                 5
STATE_INIT                        0
STATE_NUM1_INPUT                  1
STATE_NUM2_INPUT                  2
STATE_RECV_DATA                   4
STATE_SEND_DATA                   3
STATUS                            00000003
SYNC                              00000004
Select                            00000074
Send_Loop                         00000044
Set_DISP_Mode                     000002C1
Set_Double_Tap                    0000003D
Show_Equals                       00000213
Show_NUM1_Final                   000001C1
MPASM  5.43                        MASTER.ASM   7-6-2025  19:43:02         PAGE 28


SYMBOL TABLE
  LABEL                             VALUE 

Show_NUM2_Final                   000001EA
Show_Result                       00000188
Show_Welcome                      000000AF
Switch_To_Result_Mode             0000028F
T0CS                              00000005
T0IE                              00000005
T0IF                              00000002
T0SE                              00000004
T1CKPS0                           00000004
T1CKPS1                           00000005
T1CON                             00000010
T1INSYNC                          00000002
T1OSCEN                           00000003
T1SYNC                            00000002
T2CKPS0                           00000000
T2CKPS1                           00000001
T2CON                             00000012
TEMP_COUNT                        00000063
TMR0                              00000001
TMR0IE                            00000005
TMR0IF                            00000002
TMR1CS                            00000001
TMR1H                             0000000F
TMR1IE                            00000000
TMR1IF                            00000000
TMR1L                             0000000E
TMR1ON                            00000000
TMR2                              00000011
TMR2IE                            00000001
TMR2IF                            00000001
TMR2ON                            00000002
TOUTPS0                           00000003
TOUTPS1                           00000004
TOUTPS2                           00000005
TOUTPS3                           00000006
TRISA                             00000085
TRISB                             00000086
TRISC                             00000087
TRISD                             00000088
TRISE                             00000089
TRISE0                            00000000
TRISE1                            00000001
TRISE2                            00000002
TRMT                              00000001
TX8_9                             00000006
TX9                               00000006
TX9D                              00000000
TXD8                              00000000
TXEN                              00000005
TXIE                              00000004
TXIF                              00000004
TXREG                             00000019
TXSTA                             00000098
MPASM  5.43                        MASTER.ASM   7-6-2025  19:43:02         PAGE 29


SYMBOL TABLE
  LABEL                             VALUE 

Timer1                            00000070
TimerX                            00000071
Transmit_To_CoProc                00000040
UA                                00000001
Update_Result_Screen              0000029E
Var                               00000072
W                                 00000000
WCOL                              00000007
WORK_REG_A                        00000064
WORK_REG_B                        00000065
WR                                00000001
WREN                              00000002
WRERR                             00000003
Wait_CoProc_ACK                   0000004A
Z                                 00000002
_BODEN_OFF                        00003FBF
_BODEN_ON                         00003FFF
_CPD_OFF                          00003FFF
_CPD_ON                           00003EFF
_CP_ALL                           00001FFF
_CP_OFF                           00003FFF
_DEBUG_OFF                        00003FFF
_DEBUG_ON                         000037FF
_HS_OSC                           00003FFE
_LP_OSC                           00003FFC
_LVP_OFF                          00003F7F
_LVP_ON                           00003FFF
_PWRTE_OFF                        00003FFF
_PWRTE_ON                         00003FF7
_RC_OSC                           00003FFF
_WDT_OFF                          00003FFB
_WDT_ON                           00003FFF
_WRT_1FOURTH                      00003BFF
_WRT_256                          00003DFF
_WRT_HALF                         000039FF
_WRT_OFF                          00003FFF
_XT_OSC                           00003FFD
__16F877A                         00000001
__DEBUG                           1
inid                              0000008C
loop1                             0000006E
loopX                             00000073
onems                             0000006C
pulseE                            00000077
send                              0000007C
xms                               00000072
MPASM  5.43                        MASTER.ASM   7-6-2025  19:43:02         PAGE 30


MEMORY USAGE MAP ('X' = Used,  '-' = Unused)


0000 : X---XXXXXXXXXXXX XXXXXXXXXXXXXXXX XXXXXXXXXXXXXXXX XXXXXXXXXXXXXXXX
0040 : XXXXXXXXXXXXXXXX XXXXXXXXXXXXXXXX XXXXXXXXXXXXXXXX XXXXXXXXXXXXXXXX
0080 : XXXXXXXXXXXXXXXX XXXXXXXXXXXXXXXX XXXXXXXXXXXXXXXX XXXXXXXXXXXXXXXX
00C0 : XXXXXXXXXXXXXXXX XXXXXXXXXXXXXXXX XXXXXXXXXXXXXXXX XXXXXXXXXXXXXXXX
0100 : XXXXXXXXXXXXXXXX XXXXXXXXXXXXXXXX XXXXXXXXXXXXXXXX XXXXXXXXXXXXXXXX
0140 : XXXXXXXXXXXXXXXX XXXXXXXXXXXXXXXX XXXXXXXXXXXXXXXX XXXXXXXXXXXXXXXX
0180 : XXXXXXXXXXXXXXXX XXXXXXXXXXXXXXXX XXXXXXXXXXXXXXXX XXXXXXXXXXXXXXXX
01C0 : XXXXXXXXXXXXXXXX XXXXXXXXXXXXXXXX XXXXXXXXXXXXXXXX XXXXXXXXXXXXXXXX
0200 : XXXXXXXXXXXXXXXX XXXXXXXXXXXXXXXX XXXXXXXXXXXXXXXX XXXXXXXXXXXXXXXX
0240 : XXXXXXXXXXXXXXXX XXXXXXXXXXXXXXXX XXXXXXXXXXXXXXXX XXXXXXXXXXXXXXXX
0280 : XXXXXXXXXXXXXXXX XXXXXXXXXXXXXXXX XXXXXXXXXXXXXXXX XXXXXXXXXXXXXXXX
02C0 : XXXXXXXXXXXXXXXX XXXXXXXXXXXXXXXX XXXXXXXXXXXXXXXX XXXXXXXXXXXXXXXX
0300 : XXXXXXXXXXXXXXXX XXXXXXXXXXXXXXXX XXXXXXXXXXXXXXXX XXXXXXXXXXXXXXXX
0340 : XXXXXXXXXXXXXXXX X--------------- ---------------- ----------------
2000 : -------X-------- ---------------- ---------------- ----------------

All other memory blocks unused.

Program Memory Words Used:   846
Program Memory Words Free:  7346


Errors   :     0
Warnings :     1 reported,     0 suppressed
Messages :    12 reported,     0 suppressed

